#! /usr/bin/vvp
:ivl_version "0.9.5 " "(v0_9_5)";
:vpi_time_precision - 12;
:vpi_module "system";
:vpi_module "v2005_math";
:vpi_module "va_math";
S_0x7c05200 .scope module, "test" "test" 2 3;
 .timescale -12 -12;
v0x7c690d0_0 .var "clk", 0 0;
v0x7c69150_0 .var "rst_n", 0 0;
S_0x7c08950 .scope module, "top0" "top" 2 6, 3 1, S_0x7c05200;
 .timescale -12 -12;
v0x7c67da0_0 .net "alu_op", 3 0, v0x7ba1b90_0; 1 drivers
v0x7c67e70_0 .net "alu_out", 23 0, v0x7c65d00_0; 1 drivers
v0x7c67ef0_0 .net "clk", 0 0, v0x7c690d0_0; 1 drivers
v0x7c68000_0 .net "dec_data", 23 0, v0x7c5e160_0; 1 drivers
v0x7c68080_0 .net "dst", 3 0, v0x7c5e200_0; 1 drivers
v0x7c68150_0 .net "mem_data", 23 0, L_0x7c69cf0; 1 drivers
v0x7c68220_0 .net "mem_we", 0 0, v0x7c5e2a0_0; 1 drivers
v0x7c682f0_0 .net "op", 15 0, v0x7c61250_0; 1 drivers
v0x7c68410_0 .net "pc_in", 7 0, v0x7c5e3f0_0; 1 drivers
v0x7c684e0_0 .net "pc_out", 7 0, v0x7c61680_0; 1 drivers
v0x7c685c0_0 .net "pc_we", 0 0, v0x7c5e4d0_0; 1 drivers
v0x7c68690_0 .net "reg_data0", 23 0, L_0x7c69440; 1 drivers
v0x7c68780_0 .net "reg_data1", 23 0, L_0x7c68560; 1 drivers
v0x7c68800_0 .net "reg_we", 0 0, v0x7c5e570_0; 1 drivers
v0x7c68900_0 .net "rst_n", 0 0, v0x7c69150_0; 1 drivers
v0x7c68a10_0 .net "sel1", 0 0, v0x7c5e660_0; 1 drivers
v0x7c68880_0 .net "sel1_out", 23 0, L_0x7c691d0; 1 drivers
v0x7c68b70_0 .net "sel2", 0 0, v0x7c5e700_0; 1 drivers
v0x7c68c90_0 .net "sel2_out", 23 0, L_0x7c69270; 1 drivers
v0x7c68d60_0 .net "src0", 3 0, v0x7c5e800_0; 1 drivers
v0x7c68e90_0 .net "src1", 3 0, v0x7c5e8a0_0; 1 drivers
v0x7c68f10_0 .net "zf", 0 0, v0x7c65de0_0; 1 drivers
v0x7c69050_0 .net "zf_out", 0 0, v0x7c5ed20_0; 1 drivers
S_0x7c679c0 .scope module, "s1" "sel" 3 33, 4 1, S_0x7c08950;
 .timescale 0 0;
v0x7c67ab0_0 .alias "in0", 23 0, v0x7c68000_0;
v0x7c67b60_0 .alias "in1", 23 0, v0x7c68690_0;
v0x7c67c10_0 .alias "out", 23 0, v0x7c68880_0;
v0x7c67cc0_0 .alias "sel", 0 0, v0x7c68a10_0;
L_0x7c691d0 .functor MUXZ 24, v0x7c5e160_0, L_0x7c69440, v0x7c5e660_0, C4<>;
S_0x7c676c0 .scope module, "s2" "sel" 3 34, 4 1, S_0x7c08950;
 .timescale 0 0;
v0x7c674e0_0 .alias "in0", 23 0, v0x7c67e70_0;
v0x7c677b0_0 .alias "in1", 23 0, v0x7c68150_0;
v0x7c67830_0 .alias "out", 23 0, v0x7c68c90_0;
v0x7c678e0_0 .alias "sel", 0 0, v0x7c68b70_0;
L_0x7c69270 .functor MUXZ 24, v0x7c65d00_0, L_0x7c69cf0, v0x7c5e700_0, C4<>;
S_0x7c65e90 .scope module, "r0" "register" 3 37, 5 1, S_0x7c08950;
 .timescale 0 0;
P_0x7c65f88 .param/l "BLUE" 5 10, C4<100000000000000011000001>;
P_0x7c65fb0 .param/l "IDEAL_BLUE" 5 15, C4<111100000000000000000000>;
P_0x7c65fd8 .param/l "IDEAL_RED" 5 17, C4<000000001111000000000000>;
P_0x7c66000 .param/l "IDEAL_WHITE" 5 16, C4<000011110000000000000000>;
P_0x7c66028 .param/l "ORDER1" 5 13, C4<000000000000000000000000>;
P_0x7c66050 .param/l "ORDER2" 5 14, C4<000000000000000000000000>;
P_0x7c66078 .param/l "RED" 5 12, C4<000100110010000000000000>;
P_0x7c660a0 .param/l "WHITE" 5 11, C4<000010000001010000001000>;
L_0x7c69440 .functor BUFZ 24, L_0x7c693a0, C4<000000000000000000000000>, C4<000000000000000000000000>, C4<000000000000000000000000>;
L_0x7c68560 .functor BUFZ 24, L_0x7c69530, C4<000000000000000000000000>, C4<000000000000000000000000>, C4<000000000000000000000000>;
v0x7c663b0_0 .net *"_s0", 23 0, L_0x7c693a0; 1 drivers
v0x7c66430_0 .net *"_s4", 23 0, L_0x7c69530; 1 drivers
v0x7c664b0_0 .alias "clk", 0 0, v0x7c67ef0_0;
v0x7c66530_0 .alias "data", 23 0, v0x7c68c90_0;
v0x7c665e0_0 .alias "data0", 23 0, v0x7c68690_0;
v0x7c66680_0 .alias "data1", 23 0, v0x7c68780_0;
v0x7c66790_0 .alias "dst", 3 0, v0x7c68080_0;
v0x7c670c0_0 .array/port v0x7c670c0, 0;
v0x7c66810_0 .net "reg0", 23 0, v0x7c670c0_0; 1 drivers
v0x7c670c0_1 .array/port v0x7c670c0, 1;
v0x7c668e0_0 .net "reg1", 23 0, v0x7c670c0_1; 1 drivers
v0x7c670c0_10 .array/port v0x7c670c0, 10;
v0x7c66980_0 .net "reg10", 23 0, v0x7c670c0_10; 1 drivers
v0x7c670c0_11 .array/port v0x7c670c0, 11;
v0x7c66a80_0 .net "reg11", 23 0, v0x7c670c0_11; 1 drivers
v0x7c670c0_2 .array/port v0x7c670c0, 2;
v0x7c66b20_0 .net "reg2", 23 0, v0x7c670c0_2; 1 drivers
v0x7c670c0_3 .array/port v0x7c670c0, 3;
v0x7c66c10_0 .net "reg3", 23 0, v0x7c670c0_3; 1 drivers
v0x7c670c0_4 .array/port v0x7c670c0, 4;
v0x7c66c90_0 .net "reg4", 23 0, v0x7c670c0_4; 1 drivers
v0x7c670c0_5 .array/port v0x7c670c0, 5;
v0x7c66d90_0 .net "reg5", 23 0, v0x7c670c0_5; 1 drivers
v0x7c670c0_6 .array/port v0x7c670c0, 6;
v0x7c66e10_0 .net "reg6", 23 0, v0x7c670c0_6; 1 drivers
v0x7c670c0_7 .array/port v0x7c670c0, 7;
v0x7c66d10_0 .net "reg7", 23 0, v0x7c670c0_7; 1 drivers
v0x7c670c0_8 .array/port v0x7c670c0, 8;
v0x7c66f20_0 .net "reg8", 23 0, v0x7c670c0_8; 1 drivers
v0x7c670c0_9 .array/port v0x7c670c0, 9;
v0x7c67040_0 .net "reg9", 23 0, v0x7c670c0_9; 1 drivers
v0x7c670c0 .array "regis", 0 15, 23 0;
v0x7c673b0_0 .alias "rst_n", 0 0, v0x7c68900_0;
v0x7c67430_0 .alias "src0", 3 0, v0x7c68d60_0;
v0x7c67140_0 .alias "src1", 3 0, v0x7c68e90_0;
v0x7c67570_0 .alias "we", 0 0, v0x7c68800_0;
L_0x7c693a0 .array/port v0x7c670c0, v0x7c5e800_0;
L_0x7c69530 .array/port v0x7c670c0, v0x7c5e8a0_0;
S_0x7c64cc0 .scope module, "a0" "alu" 3 40, 6 1, S_0x7c08950;
 .timescale 0 0;
P_0x7c64db8 .param/l "ADD" 7 14, C4<1101>;
P_0x7c64de0 .param/l "CHECK" 7 9, C4<1000>;
P_0x7c64e08 .param/l "COMP" 7 16, C4<1111>;
P_0x7c64e30 .param/l "COPY" 7 15, C4<1110>;
P_0x7c64e58 .param/l "FIFTH" 8 5, C4<0100>;
P_0x7c64e80 .param/l "FIRST" 8 1, C4<0000>;
P_0x7c64ea8 .param/l "FOURTH" 8 4, C4<0011>;
P_0x7c64ed0 .param/l "INIT_ROTATION_FLAG" 6 11, C4<1>;
P_0x7c64ef8 .param/l "JMP" 7 12, C4<1011>;
P_0x7c64f20 .param/l "JNZ" 7 11, C4<1010>;
P_0x7c64f48 .param/l "ORDER_DIGIT_INC_FLAG" 6 10, C4<1>;
P_0x7c64f70 .param/l "REFERENCE" 7 13, C4<1100>;
P_0x7c64f98 .param/l "RX180" 7 2, C4<0001>;
P_0x7c64fc0 .param/l "RX270" 7 3, C4<0010>;
P_0x7c64fe8 .param/l "RX90" 7 1, C4<0000>;
P_0x7c65010 .param/l "RY180" 7 5, C4<0100>;
P_0x7c65038 .param/l "RY270" 7 6, C4<0101>;
P_0x7c65060 .param/l "RY90" 7 4, C4<0011>;
P_0x7c65088 .param/l "RZ180" 7 8, C4<0111>;
P_0x7c650b0 .param/l "RZ90" 7 7, C4<0110>;
P_0x7c650d8 .param/l "SECOND" 8 2, C4<0001>;
P_0x7c65100 .param/l "SEVENTH" 8 7, C4<0110>;
P_0x7c65128 .param/l "SIXTH" 8 6, C4<0101>;
P_0x7c65150 .param/l "STORE" 7 10, C4<1001>;
P_0x7c65178 .param/l "THIRD" 8 3, C4<0010>;
v0x7c65ae0_0 .alias "ina", 23 0, v0x7c68880_0;
v0x7c65ba0_0 .alias "inb", 23 0, v0x7c68780_0;
v0x7c65c50_0 .alias "op", 3 0, v0x7c67da0_0;
v0x7c65d00_0 .var "out", 23 0;
v0x7c65de0_0 .var "zf", 0 0;
E_0x7c65a90 .event edge, v0x7ba1b90_0, v0x7c61a30_0, v0x7c65ae0_0;
S_0x7c618c0 .scope module, "mem0" "memory" 3 43, 9 1, S_0x7c08950;
 .timescale 0 0;
L_0x7c69cf0 .functor BUFZ 24, L_0x7c69c50, C4<000000000000000000000000>, C4<000000000000000000000000>, C4<000000000000000000000000>;
v0x7c619b0_0 .net *"_s0", 23 0, L_0x7c69c50; 1 drivers
v0x7c61a30_0 .alias "addr", 23 0, v0x7c68780_0;
v0x7c61ab0_0 .alias "clk", 0 0, v0x7c67ef0_0;
v0x7c61b80_0 .var/i "i", 31 0;
v0x7c61c00_0 .alias "in", 23 0, v0x7c67e70_0;
v0x7c61c80 .array "mem", 0 255, 23 0;
v0x7c644f0_0 .net "mem0", 7 0, L_0x7c69de0; 1 drivers
v0x7c64590_0 .net "mem1", 7 0, L_0x7c69e80; 1 drivers
v0x7c64680_0 .net "mem2", 7 0, L_0x7c69f80; 1 drivers
v0x7c64720_0 .net "mem3", 7 0, L_0x7c6a080; 1 drivers
v0x7c64820_0 .net "mem4", 7 0, L_0x7c6a180; 1 drivers
v0x7c648c0_0 .net "mem5", 7 0, L_0x7c6a280; 1 drivers
v0x7c649b0_0 .net "mem6", 7 0, L_0x7c6a350; 1 drivers
v0x7c64a30_0 .net "mem7", 7 0, L_0x7c6a450; 1 drivers
v0x7c64b30_0 .alias "out", 23 0, v0x7c68150_0;
v0x7c64bb0_0 .alias "rst_n", 0 0, v0x7c68900_0;
v0x7c64ab0_0 .alias "we", 0 0, v0x7c68220_0;
L_0x7c69c50 .array/port v0x7c61c80, L_0x7c68560;
v0x7c61c80_0 .array/port v0x7c61c80, 0;
L_0x7c69de0 .part v0x7c61c80_0, 0, 8;
v0x7c61c80_1 .array/port v0x7c61c80, 1;
L_0x7c69e80 .part v0x7c61c80_1, 0, 8;
v0x7c61c80_2 .array/port v0x7c61c80, 2;
L_0x7c69f80 .part v0x7c61c80_2, 0, 8;
v0x7c61c80_3 .array/port v0x7c61c80, 3;
L_0x7c6a080 .part v0x7c61c80_3, 0, 8;
v0x7c61c80_4 .array/port v0x7c61c80, 4;
L_0x7c6a180 .part v0x7c61c80_4, 0, 8;
v0x7c61c80_5 .array/port v0x7c61c80, 5;
L_0x7c6a280 .part v0x7c61c80_5, 0, 8;
v0x7c61c80_6 .array/port v0x7c61c80, 6;
L_0x7c6a350 .part v0x7c61c80_6, 0, 8;
v0x7c61c80_7 .array/port v0x7c61c80, 7;
L_0x7c6a450 .part v0x7c61c80_7, 0, 8;
S_0x7c613a0 .scope module, "pc0" "pc" 3 46, 10 1, S_0x7c08950;
 .timescale 0 0;
v0x7c61500_0 .alias "clk", 0 0, v0x7c67ef0_0;
v0x7c615d0_0 .alias "pc_in", 7 0, v0x7c68410_0;
v0x7c61680_0 .var "pc_out", 7 0;
v0x7c61730_0 .alias "rst_n", 0 0, v0x7c68900_0;
v0x7c61810_0 .alias "we", 0 0, v0x7c685c0_0;
E_0x7c61490 .event posedge, v0x7c5ebe0_0, v0x7c5eb20_0;
S_0x7c5ee00 .scope module, "imem0" "imem" 3 49, 11 1, S_0x7c08950;
 .timescale 0 0;
P_0x7c5eef8 .param/l "ADD" 7 14, C4<1101>;
P_0x7c5ef20 .param/l "BLUE_ADDR" 12 1, C4<00000>;
P_0x7c5ef48 .param/l "BLUE_MEM_ADDR" 11 18, C4<0000>;
P_0x7c5ef70 .param/l "CHECK" 7 9, C4<1000>;
P_0x7c5ef98 .param/l "COMP" 7 16, C4<1111>;
P_0x7c5efc0 .param/l "COPY" 7 15, C4<1110>;
P_0x7c5efe8 .param/l "FIFTH" 8 5, C4<0100>;
P_0x7c5f010 .param/l "FIRST" 8 1, C4<0000>;
P_0x7c5f038 .param/l "FOURTH" 8 4, C4<0011>;
P_0x7c5f060 .param/l "IDEAL_BLUE_ADDR" 12 10, C4<01001>;
P_0x7c5f088 .param/l "IDEAL_RED_ADDR" 12 12, C4<01011>;
P_0x7c5f0b0 .param/l "IDEAL_WHITE_ADDR" 12 11, C4<01010>;
P_0x7c5f0d8 .param/l "INC_NUM" 11 15, C4<001>;
P_0x7c5f100 .param/l "INIT_ROTATION_FLAG" 11 10, C4<1>;
P_0x7c5f128 .param/l "JMP" 7 12, C4<1011>;
P_0x7c5f150 .param/l "JNZ" 7 11, C4<1010>;
P_0x7c5f178 .param/l "ORDER1_ADDR" 12 7, C4<00110>;
P_0x7c5f1a0 .param/l "ORDER2_ADDR" 12 8, C4<00111>;
P_0x7c5f1c8 .param/l "ORDER_DIGIT_INC_FLAG" 11 12, C4<1>;
P_0x7c5f1f0 .param/l "RED_ADDR" 12 3, C4<00010>;
P_0x7c5f218 .param/l "RED_MEM_ADDR" 11 20, C4<0010>;
P_0x7c5f240 .param/l "REFERENCE" 7 13, C4<1100>;
P_0x7c5f268 .param/l "RX180" 7 2, C4<0001>;
P_0x7c5f290 .param/l "RX270" 7 3, C4<0010>;
P_0x7c5f2b8 .param/l "RX90" 7 1, C4<0000>;
P_0x7c5f2e0 .param/l "RY180" 7 5, C4<0100>;
P_0x7c5f308 .param/l "RY270" 7 6, C4<0101>;
P_0x7c5f330 .param/l "RY90" 7 4, C4<0011>;
P_0x7c5f358 .param/l "RZ180" 7 8, C4<0111>;
P_0x7c5f380 .param/l "RZ90" 7 7, C4<0110>;
P_0x7c5f3a8 .param/l "SECOND" 8 2, C4<0001>;
P_0x7c5f3d0 .param/l "SEQUENCE_INC_FLAG" 11 13, C4<0>;
P_0x7c5f3f8 .param/l "SEVENTH" 8 7, C4<0110>;
P_0x7c5f420 .param/l "SIXTH" 8 6, C4<0101>;
P_0x7c5f448 .param/l "STORE" 7 10, C4<1001>;
P_0x7c5f470 .param/l "THIRD" 8 3, C4<0010>;
P_0x7c5f498 .param/l "TMP_BLUE_ADDR" 12 4, C4<00011>;
P_0x7c5f4c0 .param/l "TMP_ORDER_ADDR" 12 9, C4<01000>;
P_0x7c5f4e8 .param/l "TMP_RED_ADDR" 12 6, C4<00101>;
P_0x7c5f510 .param/l "TMP_WHITE_ADDR" 12 5, C4<00100>;
P_0x7c5f538 .param/l "TO_BLUE_CHECK" 11 35, C4<00111100>;
P_0x7c5f560 .param/l "TO_CHECK_ROTATION" 11 26, C4<00001100>;
P_0x7c5f588 .param/l "TO_FIN" 11 39, C4<01001011>;
P_0x7c5f5b0 .param/l "TO_INIT" 11 23, C4<00000000>;
P_0x7c5f5d8 .param/l "TO_MAKE_SEQUENCE" 11 25, C4<00001001>;
P_0x7c5f600 .param/l "TO_OVERWRITE_STATE" 11 38, C4<01000101>;
P_0x7c5f628 .param/l "TO_READING_ORDER" 11 24, C4<00000100>;
P_0x7c5f650 .param/l "TO_RED_CHECK" 11 37, C4<01000010>;
P_0x7c5f678 .param/l "TO_RX180" 11 28, C4<00100000>;
P_0x7c5f6a0 .param/l "TO_RX270" 11 29, C4<00100100>;
P_0x7c5f6c8 .param/l "TO_RX90" 11 27, C4<00011100>;
P_0x7c5f6f0 .param/l "TO_RY180" 11 31, C4<00101100>;
P_0x7c5f718 .param/l "TO_RY270" 11 32, C4<00110000>;
P_0x7c5f740 .param/l "TO_RY90" 11 30, C4<00101000>;
P_0x7c5f768 .param/l "TO_RZ180" 11 34, C4<00111000>;
P_0x7c5f790 .param/l "TO_RZ90" 11 33, C4<00110100>;
P_0x7c5f7b8 .param/l "TO_WHITE_CHECK" 11 36, C4<00111111>;
P_0x7c5f7e0 .param/l "WHITE_ADDR" 12 2, C4<00001>;
P_0x7c5f808 .param/l "WHITE_MEM_ADDR" 11 19, C4<0001>;
P_0x7c5f830 .param/l "X180" 13 2, C4<001>;
P_0x7c5f858 .param/l "X270" 13 3, C4<010>;
P_0x7c5f880 .param/l "X90" 13 1, C4<000>;
P_0x7c5f8a8 .param/l "Y180" 13 5, C4<100>;
P_0x7c5f8d0 .param/l "Y270" 13 6, C4<101>;
P_0x7c5f8f8 .param/l "Y90" 13 4, C4<011>;
P_0x7c5f920 .param/l "Z180" 13 8, C4<111>;
P_0x7c5f948 .param/l "Z90" 13 7, C4<110>;
v0x7c61250_0 .var "op", 15 0;
v0x7c61320_0 .alias "pc", 7 0, v0x7c684e0_0;
E_0x7c60820 .event edge, v0x7c61320_0;
S_0x7c5ea10 .scope module, "zf0" "zf" 3 52, 14 1, S_0x7c08950;
 .timescale -12 -12;
v0x7c5eb20_0 .alias "clk", 0 0, v0x7c67ef0_0;
v0x7c5ebe0_0 .alias "rst_n", 0 0, v0x7c68900_0;
v0x7c5ec80_0 .alias "zf_in", 0 0, v0x7c68f10_0;
v0x7c5ed20_0 .var "zf_out", 0 0;
E_0x7c5e320 .event posedge, v0x7c5eb20_0;
S_0x7c084e0 .scope module, "dec1" "decoder" 3 55, 15 9, S_0x7c08950;
 .timescale 0 0;
P_0x7bed678 .param/l "ADD" 7 14, C4<1101>;
P_0x7bed6a0 .param/l "CHECK" 7 9, C4<1000>;
P_0x7bed6c8 .param/l "COMP" 7 16, C4<1111>;
P_0x7bed6f0 .param/l "COPY" 7 15, C4<1110>;
P_0x7bed718 .param/l "JMP" 7 12, C4<1011>;
P_0x7bed740 .param/l "JNZ" 7 11, C4<1010>;
P_0x7bed768 .param/l "REFERENCE" 7 13, C4<1100>;
P_0x7bed790 .param/l "RX180" 7 2, C4<0001>;
P_0x7bed7b8 .param/l "RX270" 7 3, C4<0010>;
P_0x7bed7e0 .param/l "RX90" 7 1, C4<0000>;
P_0x7bed808 .param/l "RY180" 7 5, C4<0100>;
P_0x7bed830 .param/l "RY270" 7 6, C4<0101>;
P_0x7bed858 .param/l "RY90" 7 4, C4<0011>;
P_0x7bed880 .param/l "RZ180" 7 8, C4<0111>;
P_0x7bed8a8 .param/l "RZ90" 7 7, C4<0110>;
P_0x7bed8d0 .param/l "STORE" 7 10, C4<1001>;
v0x7ba1b90_0 .var "alu_op", 3 0;
v0x7c5e160_0 .var "data", 23 0;
v0x7c5e200_0 .var "dst", 3 0;
v0x7c5e2a0_0 .var "mem_we", 0 0;
v0x7c5e350_0 .alias "op", 15 0, v0x7c682f0_0;
v0x7c5e3f0_0 .var "pc_in", 7 0;
v0x7c5e4d0_0 .var "pc_we", 0 0;
v0x7c5e570_0 .var "reg_we", 0 0;
v0x7c5e660_0 .var "sel1", 0 0;
v0x7c5e700_0 .var "sel2", 0 0;
v0x7c5e800_0 .var "src0", 3 0;
v0x7c5e8a0_0 .var "src1", 3 0;
v0x7c5e990_0 .alias "zf", 0 0, v0x7c69050_0;
E_0x7c0acf0 .event edge, v0x7c5e350_0, v0x7c5e990_0;
    .scope S_0x7c65e90;
T_0 ;
    %wait E_0x7c5e320;
    %load/v 8, v0x7c673b0_0, 1;
    %inv 8, 1;
    %jmp/0xz  T_0.0, 8;
    %movi 8, 8388801, 24;
    %ix/load 3, 0, 0; address
    %ix/load 0, 24, 0; word width
    %ix/load 1, 0, 0; part off
    %assign/av v0x7c670c0, 0, 8;
t_0 ;
    %movi 8, 529416, 24;
    %ix/load 3, 1, 0; address
    %ix/load 0, 24, 0; word width
    %ix/load 1, 0, 0; part off
    %assign/av v0x7c670c0, 0, 8;
t_1 ;
    %movi 8, 1253376, 24;
    %ix/load 3, 2, 0; address
    %ix/load 0, 24, 0; word width
    %ix/load 1, 0, 0; part off
    %assign/av v0x7c670c0, 0, 8;
t_2 ;
    %ix/load 3, 3, 0; address
    %ix/load 0, 24, 0; word width
    %ix/load 1, 0, 0; part off
    %assign/av v0x7c670c0, 0, 0;
t_3 ;
    %ix/load 3, 4, 0; address
    %ix/load 0, 24, 0; word width
    %ix/load 1, 0, 0; part off
    %assign/av v0x7c670c0, 0, 0;
t_4 ;
    %ix/load 3, 5, 0; address
    %ix/load 0, 24, 0; word width
    %ix/load 1, 0, 0; part off
    %assign/av v0x7c670c0, 0, 0;
t_5 ;
    %ix/load 3, 6, 0; address
    %ix/load 0, 24, 0; word width
    %ix/load 1, 0, 0; part off
    %assign/av v0x7c670c0, 0, 0;
t_6 ;
    %ix/load 3, 7, 0; address
    %ix/load 0, 24, 0; word width
    %ix/load 1, 0, 0; part off
    %assign/av v0x7c670c0, 0, 0;
t_7 ;
    %ix/load 3, 8, 0; address
    %ix/load 0, 24, 0; word width
    %ix/load 1, 0, 0; part off
    %assign/av v0x7c670c0, 0, 0;
t_8 ;
    %movi 8, 15728640, 24;
    %ix/load 3, 9, 0; address
    %ix/load 0, 24, 0; word width
    %ix/load 1, 0, 0; part off
    %assign/av v0x7c670c0, 0, 8;
t_9 ;
    %movi 8, 983040, 24;
    %ix/load 3, 10, 0; address
    %ix/load 0, 24, 0; word width
    %ix/load 1, 0, 0; part off
    %assign/av v0x7c670c0, 0, 8;
t_10 ;
    %movi 8, 61440, 24;
    %ix/load 3, 11, 0; address
    %ix/load 0, 24, 0; word width
    %ix/load 1, 0, 0; part off
    %assign/av v0x7c670c0, 0, 8;
t_11 ;
    %ix/load 3, 12, 0; address
    %ix/load 0, 24, 0; word width
    %ix/load 1, 0, 0; part off
    %assign/av v0x7c670c0, 0, 0;
t_12 ;
    %ix/load 3, 13, 0; address
    %ix/load 0, 24, 0; word width
    %ix/load 1, 0, 0; part off
    %assign/av v0x7c670c0, 0, 0;
t_13 ;
    %ix/load 3, 14, 0; address
    %ix/load 0, 24, 0; word width
    %ix/load 1, 0, 0; part off
    %assign/av v0x7c670c0, 0, 0;
t_14 ;
    %ix/load 3, 15, 0; address
    %ix/load 0, 24, 0; word width
    %ix/load 1, 0, 0; part off
    %assign/av v0x7c670c0, 0, 0;
t_15 ;
    %jmp T_0.1;
T_0.0 ;
    %load/v 8, v0x7c67570_0, 1;
    %jmp/0xz  T_0.2, 8;
    %load/v 8, v0x7c66530_0, 24;
    %ix/getv 3, v0x7c66790_0;
    %jmp/1 t_16, 4;
    %ix/load 0, 24, 0; word width
    %ix/load 1, 0, 0; part off
    %assign/av v0x7c670c0, 0, 8;
t_16 ;
    %jmp T_0.3;
T_0.2 ;
    %ix/getv 3, v0x7c66790_0;
    %load/av 8, v0x7c670c0, 24;
    %ix/getv 3, v0x7c66790_0;
    %jmp/1 t_17, 4;
    %ix/load 0, 24, 0; word width
    %ix/load 1, 0, 0; part off
    %assign/av v0x7c670c0, 0, 8;
t_17 ;
T_0.3 ;
T_0.1 ;
    %jmp T_0;
    .thread T_0;
    .scope S_0x7c64cc0;
T_1 ;
    %wait E_0x7c65a90;
    %load/v 8, v0x7c65c50_0, 4;
    %cmpi/u 8, 0, 4;
    %jmp/1 T_1.0, 6;
    %cmpi/u 8, 1, 4;
    %jmp/1 T_1.1, 6;
    %cmpi/u 8, 2, 4;
    %jmp/1 T_1.2, 6;
    %cmpi/u 8, 3, 4;
    %jmp/1 T_1.3, 6;
    %cmpi/u 8, 4, 4;
    %jmp/1 T_1.4, 6;
    %cmpi/u 8, 5, 4;
    %jmp/1 T_1.5, 6;
    %cmpi/u 8, 6, 4;
    %jmp/1 T_1.6, 6;
    %cmpi/u 8, 7, 4;
    %jmp/1 T_1.7, 6;
    %cmpi/u 8, 12, 4;
    %jmp/1 T_1.8, 6;
    %cmpi/u 8, 13, 4;
    %jmp/1 T_1.9, 6;
    %cmpi/u 8, 8, 4;
    %jmp/1 T_1.10, 6;
    %cmpi/u 8, 15, 4;
    %jmp/1 T_1.11, 6;
    %cmpi/u 8, 14, 4;
    %jmp/1 T_1.12, 6;
    %cmpi/u 8, 9, 4;
    %jmp/1 T_1.13, 6;
    %jmp T_1.14;
T_1.0 ;
    %ix/load 1, 3, 0;
    %mov 4, 0, 1;
    %jmp/1 T_1.15, 4;
    %load/x1p 32, v0x7c65ba0_0, 1;
    %jmp T_1.16;
T_1.15 ;
    %mov 32, 2, 1;
T_1.16 ;
    %mov 8, 32, 1; Move signal select into place
    %load/v 9, v0x7c65ba0_0, 3; Select 3 out of 24 bits
    %ix/load 1, 4, 0;
    %mov 4, 0, 1;
    %jmp/1 T_1.17, 4;
    %load/x1p 32, v0x7c65ba0_0, 1;
    %jmp T_1.18;
T_1.17 ;
    %mov 32, 2, 1;
T_1.18 ;
    %mov 12, 32, 1; Move signal select into place
    %ix/load 1, 9, 0;
    %mov 4, 0, 1;
    %jmp/1 T_1.19, 4;
    %load/x1p 32, v0x7c65ba0_0, 2;
    %jmp T_1.20;
T_1.19 ;
    %mov 32, 2, 2;
T_1.20 ;
    %mov 13, 32, 2; Move signal select into place
    %ix/load 1, 7, 0;
    %mov 4, 0, 1;
    %jmp/1 T_1.21, 4;
    %load/x1p 32, v0x7c65ba0_0, 2;
    %jmp T_1.22;
T_1.21 ;
    %mov 32, 2, 2;
T_1.22 ;
    %mov 15, 32, 2; Move signal select into place
    %ix/load 1, 13, 0;
    %mov 4, 0, 1;
    %jmp/1 T_1.23, 4;
    %load/x1p 32, v0x7c65ba0_0, 2;
    %jmp T_1.24;
T_1.23 ;
    %mov 32, 2, 2;
T_1.24 ;
    %mov 17, 32, 2; Move signal select into place
    %ix/load 1, 11, 0;
    %mov 4, 0, 1;
    %jmp/1 T_1.25, 4;
    %load/x1p 32, v0x7c65ba0_0, 2;
    %jmp T_1.26;
T_1.25 ;
    %mov 32, 2, 2;
T_1.26 ;
    %mov 19, 32, 2; Move signal select into place
    %ix/load 1, 17, 0;
    %mov 4, 0, 1;
    %jmp/1 T_1.27, 4;
    %load/x1p 32, v0x7c65ba0_0, 2;
    %jmp T_1.28;
T_1.27 ;
    %mov 32, 2, 2;
T_1.28 ;
    %mov 21, 32, 2; Move signal select into place
    %ix/load 1, 15, 0;
    %mov 4, 0, 1;
    %jmp/1 T_1.29, 4;
    %load/x1p 32, v0x7c65ba0_0, 2;
    %jmp T_1.30;
T_1.29 ;
    %mov 32, 2, 2;
T_1.30 ;
    %mov 23, 32, 2; Move signal select into place
    %ix/load 1, 5, 0;
    %mov 4, 0, 1;
    %jmp/1 T_1.31, 4;
    %load/x1p 32, v0x7c65ba0_0, 2;
    %jmp T_1.32;
T_1.31 ;
    %mov 32, 2, 2;
T_1.32 ;
    %mov 25, 32, 2; Move signal select into place
    %ix/load 1, 19, 0;
    %mov 4, 0, 1;
    %jmp/1 T_1.33, 4;
    %load/x1p 32, v0x7c65ba0_0, 5;
    %jmp T_1.34;
T_1.33 ;
    %mov 32, 2, 5;
T_1.34 ;
    %mov 27, 32, 5; Move signal select into place
    %ix/load 0, 24, 0;
    %assign/v0 v0x7c65d00_0, 0, 8;
    %ix/load 0, 1, 0;
    %assign/v0 v0x7c65de0_0, 0, 0;
    %jmp T_1.14;
T_1.1 ;
    %ix/load 1, 2, 0;
    %mov 4, 0, 1;
    %jmp/1 T_1.35, 4;
    %load/x1p 32, v0x7c65ba0_0, 2;
    %jmp T_1.36;
T_1.35 ;
    %mov 32, 2, 2;
T_1.36 ;
    %mov 8, 32, 2; Move signal select into place
    %load/v 10, v0x7c65ba0_0, 2; Select 2 out of 24 bits
    %ix/load 1, 4, 0;
    %mov 4, 0, 1;
    %jmp/1 T_1.37, 4;
    %load/x1p 32, v0x7c65ba0_0, 1;
    %jmp T_1.38;
T_1.37 ;
    %mov 32, 2, 1;
T_1.38 ;
    %mov 12, 32, 1; Move signal select into place
    %ix/load 1, 13, 0;
    %mov 4, 0, 1;
    %jmp/1 T_1.39, 4;
    %load/x1p 32, v0x7c65ba0_0, 2;
    %jmp T_1.40;
T_1.39 ;
    %mov 32, 2, 2;
T_1.40 ;
    %mov 13, 32, 2; Move signal select into place
    %ix/load 1, 7, 0;
    %mov 4, 0, 1;
    %jmp/1 T_1.41, 4;
    %load/x1p 32, v0x7c65ba0_0, 2;
    %jmp T_1.42;
T_1.41 ;
    %mov 32, 2, 2;
T_1.42 ;
    %mov 15, 32, 2; Move signal select into place
    %ix/load 1, 17, 0;
    %mov 4, 0, 1;
    %jmp/1 T_1.43, 4;
    %load/x1p 32, v0x7c65ba0_0, 2;
    %jmp T_1.44;
T_1.43 ;
    %mov 32, 2, 2;
T_1.44 ;
    %mov 17, 32, 2; Move signal select into place
    %ix/load 1, 11, 0;
    %mov 4, 0, 1;
    %jmp/1 T_1.45, 4;
    %load/x1p 32, v0x7c65ba0_0, 2;
    %jmp T_1.46;
T_1.45 ;
    %mov 32, 2, 2;
T_1.46 ;
    %mov 19, 32, 2; Move signal select into place
    %ix/load 1, 5, 0;
    %mov 4, 0, 1;
    %jmp/1 T_1.47, 4;
    %load/x1p 32, v0x7c65ba0_0, 2;
    %jmp T_1.48;
T_1.47 ;
    %mov 32, 2, 2;
T_1.48 ;
    %mov 21, 32, 2; Move signal select into place
    %ix/load 1, 15, 0;
    %mov 4, 0, 1;
    %jmp/1 T_1.49, 4;
    %load/x1p 32, v0x7c65ba0_0, 2;
    %jmp T_1.50;
T_1.49 ;
    %mov 32, 2, 2;
T_1.50 ;
    %mov 23, 32, 2; Move signal select into place
    %ix/load 1, 9, 0;
    %mov 4, 0, 1;
    %jmp/1 T_1.51, 4;
    %load/x1p 32, v0x7c65ba0_0, 2;
    %jmp T_1.52;
T_1.51 ;
    %mov 32, 2, 2;
T_1.52 ;
    %mov 25, 32, 2; Move signal select into place
    %ix/load 1, 19, 0;
    %mov 4, 0, 1;
    %jmp/1 T_1.53, 4;
    %load/x1p 32, v0x7c65ba0_0, 5;
    %jmp T_1.54;
T_1.53 ;
    %mov 32, 2, 5;
T_1.54 ;
    %mov 27, 32, 5; Move signal select into place
    %ix/load 0, 24, 0;
    %assign/v0 v0x7c65d00_0, 0, 8;
    %ix/load 0, 1, 0;
    %assign/v0 v0x7c65de0_0, 0, 0;
    %jmp T_1.14;
T_1.2 ;
    %ix/load 1, 1, 0;
    %mov 4, 0, 1;
    %jmp/1 T_1.55, 4;
    %load/x1p 32, v0x7c65ba0_0, 3;
    %jmp T_1.56;
T_1.55 ;
    %mov 32, 2, 3;
T_1.56 ;
    %mov 8, 32, 3; Move signal select into place
    %load/v 11, v0x7c65ba0_0, 1; Select 1 out of 24 bits
    %ix/load 1, 4, 0;
    %mov 4, 0, 1;
    %jmp/1 T_1.57, 4;
    %load/x1p 32, v0x7c65ba0_0, 1;
    %jmp T_1.58;
T_1.57 ;
    %mov 32, 2, 1;
T_1.58 ;
    %mov 12, 32, 1; Move signal select into place
    %ix/load 1, 17, 0;
    %mov 4, 0, 1;
    %jmp/1 T_1.59, 4;
    %load/x1p 32, v0x7c65ba0_0, 2;
    %jmp T_1.60;
T_1.59 ;
    %mov 32, 2, 2;
T_1.60 ;
    %mov 13, 32, 2; Move signal select into place
    %ix/load 1, 7, 0;
    %mov 4, 0, 1;
    %jmp/1 T_1.61, 4;
    %load/x1p 32, v0x7c65ba0_0, 2;
    %jmp T_1.62;
T_1.61 ;
    %mov 32, 2, 2;
T_1.62 ;
    %mov 15, 32, 2; Move signal select into place
    %ix/load 1, 5, 0;
    %mov 4, 0, 1;
    %jmp/1 T_1.63, 4;
    %load/x1p 32, v0x7c65ba0_0, 2;
    %jmp T_1.64;
T_1.63 ;
    %mov 32, 2, 2;
T_1.64 ;
    %mov 17, 32, 2; Move signal select into place
    %ix/load 1, 11, 0;
    %mov 4, 0, 1;
    %jmp/1 T_1.65, 4;
    %load/x1p 32, v0x7c65ba0_0, 2;
    %jmp T_1.66;
T_1.65 ;
    %mov 32, 2, 2;
T_1.66 ;
    %mov 19, 32, 2; Move signal select into place
    %ix/load 1, 9, 0;
    %mov 4, 0, 1;
    %jmp/1 T_1.67, 4;
    %load/x1p 32, v0x7c65ba0_0, 2;
    %jmp T_1.68;
T_1.67 ;
    %mov 32, 2, 2;
T_1.68 ;
    %mov 21, 32, 2; Move signal select into place
    %ix/load 1, 15, 0;
    %mov 4, 0, 1;
    %jmp/1 T_1.69, 4;
    %load/x1p 32, v0x7c65ba0_0, 2;
    %jmp T_1.70;
T_1.69 ;
    %mov 32, 2, 2;
T_1.70 ;
    %mov 23, 32, 2; Move signal select into place
    %ix/load 1, 13, 0;
    %mov 4, 0, 1;
    %jmp/1 T_1.71, 4;
    %load/x1p 32, v0x7c65ba0_0, 2;
    %jmp T_1.72;
T_1.71 ;
    %mov 32, 2, 2;
T_1.72 ;
    %mov 25, 32, 2; Move signal select into place
    %ix/load 1, 19, 0;
    %mov 4, 0, 1;
    %jmp/1 T_1.73, 4;
    %load/x1p 32, v0x7c65ba0_0, 5;
    %jmp T_1.74;
T_1.73 ;
    %mov 32, 2, 5;
T_1.74 ;
    %mov 27, 32, 5; Move signal select into place
    %ix/load 0, 24, 0;
    %assign/v0 v0x7c65d00_0, 0, 8;
    %ix/load 0, 1, 0;
    %assign/v0 v0x7c65de0_0, 0, 0;
    %jmp T_1.14;
T_1.3 ;
    %ix/load 1, 6, 0;
    %mov 4, 0, 1;
    %jmp/1 T_1.75, 4;
    %load/x1p 32, v0x7c65ba0_0, 2;
    %jmp T_1.76;
T_1.75 ;
    %mov 32, 2, 2;
T_1.76 ;
    %mov 8, 32, 2; Move signal select into place
    %ix/load 1, 2, 0;
    %mov 4, 0, 1;
    %jmp/1 T_1.77, 4;
    %load/x1p 32, v0x7c65ba0_0, 4;
    %jmp T_1.78;
T_1.77 ;
    %mov 32, 2, 4;
T_1.78 ;
    %mov 10, 32, 4; Move signal select into place
    %ix/load 1, 20, 0;
    %mov 4, 0, 1;
    %jmp/1 T_1.79, 4;
    %load/x1p 32, v0x7c65ba0_0, 2;
    %jmp T_1.80;
T_1.79 ;
    %mov 32, 2, 2;
T_1.80 ;
    %mov 14, 32, 2; Move signal select into place
    %ix/load 1, 11, 0;
    %mov 4, 0, 1;
    %jmp/1 T_1.81, 4;
    %load/x1p 32, v0x7c65ba0_0, 1;
    %jmp T_1.82;
T_1.81 ;
    %mov 32, 2, 1;
T_1.82 ;
    %mov 16, 32, 1; Move signal select into place
    %ix/load 1, 8, 0;
    %mov 4, 0, 1;
    %jmp/1 T_1.83, 4;
    %load/x1p 32, v0x7c65ba0_0, 3;
    %jmp T_1.84;
T_1.83 ;
    %mov 32, 2, 3;
T_1.84 ;
    %mov 17, 32, 3; Move signal select into place
    %load/v 20, v0x7c65ba0_0, 2; Select 2 out of 24 bits
    %ix/load 1, 14, 0;
    %mov 4, 0, 1;
    %jmp/1 T_1.85, 4;
    %load/x1p 32, v0x7c65ba0_0, 6;
    %jmp T_1.86;
T_1.85 ;
    %mov 32, 2, 6;
T_1.86 ;
    %mov 22, 32, 6; Move signal select into place
    %ix/load 1, 12, 0;
    %mov 4, 0, 1;
    %jmp/1 T_1.87, 4;
    %load/x1p 32, v0x7c65ba0_0, 2;
    %jmp T_1.88;
T_1.87 ;
    %mov 32, 2, 2;
T_1.88 ;
    %mov 28, 32, 2; Move signal select into place
    %ix/load 1, 22, 0;
    %mov 4, 0, 1;
    %jmp/1 T_1.89, 4;
    %load/x1p 32, v0x7c65ba0_0, 2;
    %jmp T_1.90;
T_1.89 ;
    %mov 32, 2, 2;
T_1.90 ;
    %mov 30, 32, 2; Move signal select into place
    %ix/load 0, 24, 0;
    %assign/v0 v0x7c65d00_0, 0, 8;
    %ix/load 0, 1, 0;
    %assign/v0 v0x7c65de0_0, 0, 0;
    %jmp T_1.14;
T_1.4 ;
    %ix/load 1, 20, 0;
    %mov 4, 0, 1;
    %jmp/1 T_1.91, 4;
    %load/x1p 32, v0x7c65ba0_0, 2;
    %jmp T_1.92;
T_1.91 ;
    %mov 32, 2, 2;
T_1.92 ;
    %mov 8, 32, 2; Move signal select into place
    %ix/load 1, 2, 0;
    %mov 4, 0, 1;
    %jmp/1 T_1.93, 4;
    %load/x1p 32, v0x7c65ba0_0, 4;
    %jmp T_1.94;
T_1.93 ;
    %mov 32, 2, 4;
T_1.94 ;
    %mov 10, 32, 4; Move signal select into place
    %ix/load 1, 12, 0;
    %mov 4, 0, 1;
    %jmp/1 T_1.95, 4;
    %load/x1p 32, v0x7c65ba0_0, 2;
    %jmp T_1.96;
T_1.95 ;
    %mov 32, 2, 2;
T_1.96 ;
    %mov 14, 32, 2; Move signal select into place
    %ix/load 1, 10, 0;
    %mov 4, 0, 1;
    %jmp/1 T_1.97, 4;
    %load/x1p 32, v0x7c65ba0_0, 2;
    %jmp T_1.98;
T_1.97 ;
    %mov 32, 2, 2;
T_1.98 ;
    %mov 16, 32, 2; Move signal select into place
    %ix/load 1, 8, 0;
    %mov 4, 0, 1;
    %jmp/1 T_1.99, 4;
    %load/x1p 32, v0x7c65ba0_0, 2;
    %jmp T_1.100;
T_1.99 ;
    %mov 32, 2, 2;
T_1.100 ;
    %mov 18, 32, 2; Move signal select into place
    %ix/load 1, 6, 0;
    %mov 4, 0, 1;
    %jmp/1 T_1.101, 4;
    %load/x1p 32, v0x7c65ba0_0, 2;
    %jmp T_1.102;
T_1.101 ;
    %mov 32, 2, 2;
T_1.102 ;
    %mov 20, 32, 2; Move signal select into place
    %ix/load 1, 14, 0;
    %mov 4, 0, 1;
    %jmp/1 T_1.103, 4;
    %load/x1p 32, v0x7c65ba0_0, 6;
    %jmp T_1.104;
T_1.103 ;
    %mov 32, 2, 6;
T_1.104 ;
    %mov 22, 32, 6; Move signal select into place
    %load/v 28, v0x7c65ba0_0, 2; Select 2 out of 24 bits
    %ix/load 1, 22, 0;
    %mov 4, 0, 1;
    %jmp/1 T_1.105, 4;
    %load/x1p 32, v0x7c65ba0_0, 2;
    %jmp T_1.106;
T_1.105 ;
    %mov 32, 2, 2;
T_1.106 ;
    %mov 30, 32, 2; Move signal select into place
    %ix/load 0, 24, 0;
    %assign/v0 v0x7c65d00_0, 0, 8;
    %ix/load 0, 1, 0;
    %assign/v0 v0x7c65de0_0, 0, 0;
    %jmp T_1.14;
T_1.5 ;
    %ix/load 1, 12, 0;
    %mov 4, 0, 1;
    %jmp/1 T_1.107, 4;
    %load/x1p 32, v0x7c65ba0_0, 2;
    %jmp T_1.108;
T_1.107 ;
    %mov 32, 2, 2;
T_1.108 ;
    %mov 8, 32, 2; Move signal select into place
    %ix/load 1, 2, 0;
    %mov 4, 0, 1;
    %jmp/1 T_1.109, 4;
    %load/x1p 32, v0x7c65ba0_0, 4;
    %jmp T_1.110;
T_1.109 ;
    %mov 32, 2, 4;
T_1.110 ;
    %mov 10, 32, 4; Move signal select into place
    %load/v 14, v0x7c65ba0_0, 2; Select 2 out of 24 bits
    %ix/load 1, 9, 0;
    %mov 4, 0, 1;
    %jmp/1 T_1.111, 4;
    %load/x1p 32, v0x7c65ba0_0, 3;
    %jmp T_1.112;
T_1.111 ;
    %mov 32, 2, 3;
T_1.112 ;
    %mov 16, 32, 3; Move signal select into place
    %ix/load 1, 8, 0;
    %mov 4, 0, 1;
    %jmp/1 T_1.113, 4;
    %load/x1p 32, v0x7c65ba0_0, 1;
    %jmp T_1.114;
T_1.113 ;
    %mov 32, 2, 1;
T_1.114 ;
    %mov 19, 32, 1; Move signal select into place
    %ix/load 1, 20, 0;
    %mov 4, 0, 1;
    %jmp/1 T_1.115, 4;
    %load/x1p 32, v0x7c65ba0_0, 2;
    %jmp T_1.116;
T_1.115 ;
    %mov 32, 2, 2;
T_1.116 ;
    %mov 20, 32, 2; Move signal select into place
    %ix/load 1, 14, 0;
    %mov 4, 0, 1;
    %jmp/1 T_1.117, 4;
    %load/x1p 32, v0x7c65ba0_0, 6;
    %jmp T_1.118;
T_1.117 ;
    %mov 32, 2, 6;
T_1.118 ;
    %mov 22, 32, 6; Move signal select into place
    %ix/load 1, 6, 0;
    %mov 4, 0, 1;
    %jmp/1 T_1.119, 4;
    %load/x1p 32, v0x7c65ba0_0, 2;
    %jmp T_1.120;
T_1.119 ;
    %mov 32, 2, 2;
T_1.120 ;
    %mov 28, 32, 2; Move signal select into place
    %ix/load 1, 22, 0;
    %mov 4, 0, 1;
    %jmp/1 T_1.121, 4;
    %load/x1p 32, v0x7c65ba0_0, 2;
    %jmp T_1.122;
T_1.121 ;
    %mov 32, 2, 2;
T_1.122 ;
    %mov 30, 32, 2; Move signal select into place
    %ix/load 0, 24, 0;
    %assign/v0 v0x7c65d00_0, 0, 8;
    %ix/load 0, 1, 0;
    %assign/v0 v0x7c65de0_0, 0, 0;
    %jmp T_1.14;
T_1.6 ;
    %ix/load 1, 17, 0;
    %mov 4, 0, 1;
    %jmp/1 T_1.123, 4;
    %load/x1p 32, v0x7c65ba0_0, 1;
    %jmp T_1.124;
T_1.123 ;
    %mov 32, 2, 1;
T_1.124 ;
    %mov 8, 32, 1; Move signal select into place
    %ix/load 1, 1, 0;
    %mov 4, 0, 1;
    %jmp/1 T_1.125, 4;
    %load/x1p 32, v0x7c65ba0_0, 2;
    %jmp T_1.126;
T_1.125 ;
    %mov 32, 2, 2;
T_1.126 ;
    %mov 9, 32, 2; Move signal select into place
    %ix/load 1, 16, 0;
    %mov 4, 0, 1;
    %jmp/1 T_1.127, 4;
    %load/x1p 32, v0x7c65ba0_0, 1;
    %jmp T_1.128;
T_1.127 ;
    %mov 32, 2, 1;
T_1.128 ;
    %mov 11, 32, 1; Move signal select into place
    %ix/load 1, 4, 0;
    %mov 4, 0, 1;
    %jmp/1 T_1.129, 4;
    %load/x1p 32, v0x7c65ba0_0, 6;
    %jmp T_1.130;
T_1.129 ;
    %mov 32, 2, 6;
T_1.130 ;
    %mov 12, 32, 6; Move signal select into place
    %ix/load 1, 3, 0;
    %mov 4, 0, 1;
    %jmp/1 T_1.131, 4;
    %load/x1p 32, v0x7c65ba0_0, 1;
    %jmp T_1.132;
T_1.131 ;
    %mov 32, 2, 1;
T_1.132 ;
    %mov 18, 32, 1; Move signal select into place
    %load/v 19, v0x7c65ba0_0, 1; Select 1 out of 24 bits
    %ix/load 1, 13, 0;
    %mov 4, 0, 1;
    %jmp/1 T_1.133, 4;
    %load/x1p 32, v0x7c65ba0_0, 3;
    %jmp T_1.134;
T_1.133 ;
    %mov 32, 2, 3;
T_1.134 ;
    %mov 20, 32, 3; Move signal select into place
    %ix/load 1, 12, 0;
    %mov 4, 0, 1;
    %jmp/1 T_1.135, 4;
    %load/x1p 32, v0x7c65ba0_0, 1;
    %jmp T_1.136;
T_1.135 ;
    %mov 32, 2, 1;
T_1.136 ;
    %mov 23, 32, 1; Move signal select into place
    %ix/load 1, 21, 0;
    %mov 4, 0, 1;
    %jmp/1 T_1.137, 4;
    %load/x1p 32, v0x7c65ba0_0, 2;
    %jmp T_1.138;
T_1.137 ;
    %mov 32, 2, 2;
T_1.138 ;
    %mov 24, 32, 2; Move signal select into place
    %ix/load 1, 18, 0;
    %mov 4, 0, 1;
    %jmp/1 T_1.139, 4;
    %load/x1p 32, v0x7c65ba0_0, 3;
    %jmp T_1.140;
T_1.139 ;
    %mov 32, 2, 3;
T_1.140 ;
    %mov 26, 32, 3; Move signal select into place
    %ix/load 1, 10, 0;
    %mov 4, 0, 1;
    %jmp/1 T_1.141, 4;
    %load/x1p 32, v0x7c65ba0_0, 2;
    %jmp T_1.142;
T_1.141 ;
    %mov 32, 2, 2;
T_1.142 ;
    %mov 29, 32, 2; Move signal select into place
    %ix/load 1, 23, 0;
    %mov 4, 0, 1;
    %jmp/1 T_1.143, 4;
    %load/x1p 32, v0x7c65ba0_0, 1;
    %jmp T_1.144;
T_1.143 ;
    %mov 32, 2, 1;
T_1.144 ;
    %mov 31, 32, 1; Move signal select into place
    %ix/load 0, 24, 0;
    %assign/v0 v0x7c65d00_0, 0, 8;
    %ix/load 0, 1, 0;
    %assign/v0 v0x7c65de0_0, 0, 0;
    %jmp T_1.14;
T_1.7 ;
    %ix/load 1, 22, 0;
    %mov 4, 0, 1;
    %jmp/1 T_1.145, 4;
    %load/x1p 32, v0x7c65ba0_0, 1;
    %jmp T_1.146;
T_1.145 ;
    %mov 32, 2, 1;
T_1.146 ;
    %mov 8, 32, 1; Move signal select into place
    %ix/load 1, 1, 0;
    %mov 4, 0, 1;
    %jmp/1 T_1.147, 4;
    %load/x1p 32, v0x7c65ba0_0, 2;
    %jmp T_1.148;
T_1.147 ;
    %mov 32, 2, 2;
T_1.148 ;
    %mov 9, 32, 2; Move signal select into place
    %ix/load 1, 21, 0;
    %mov 4, 0, 1;
    %jmp/1 T_1.149, 4;
    %load/x1p 32, v0x7c65ba0_0, 1;
    %jmp T_1.150;
T_1.149 ;
    %mov 32, 2, 1;
T_1.150 ;
    %mov 11, 32, 1; Move signal select into place
    %ix/load 1, 4, 0;
    %mov 4, 0, 1;
    %jmp/1 T_1.151, 4;
    %load/x1p 32, v0x7c65ba0_0, 6;
    %jmp T_1.152;
T_1.151 ;
    %mov 32, 2, 6;
T_1.152 ;
    %mov 12, 32, 6; Move signal select into place
    %ix/load 1, 16, 0;
    %mov 4, 0, 1;
    %jmp/1 T_1.153, 4;
    %load/x1p 32, v0x7c65ba0_0, 2;
    %jmp T_1.154;
T_1.153 ;
    %mov 32, 2, 2;
T_1.154 ;
    %mov 18, 32, 2; Move signal select into place
    %ix/load 1, 14, 0;
    %mov 4, 0, 1;
    %jmp/1 T_1.155, 4;
    %load/x1p 32, v0x7c65ba0_0, 2;
    %jmp T_1.156;
T_1.155 ;
    %mov 32, 2, 2;
T_1.156 ;
    %mov 20, 32, 2; Move signal select into place
    %ix/load 1, 12, 0;
    %mov 4, 0, 1;
    %jmp/1 T_1.157, 4;
    %load/x1p 32, v0x7c65ba0_0, 2;
    %jmp T_1.158;
T_1.157 ;
    %mov 32, 2, 2;
T_1.158 ;
    %mov 22, 32, 2; Move signal select into place
    %ix/load 1, 10, 0;
    %mov 4, 0, 1;
    %jmp/1 T_1.159, 4;
    %load/x1p 32, v0x7c65ba0_0, 2;
    %jmp T_1.160;
T_1.159 ;
    %mov 32, 2, 2;
T_1.160 ;
    %mov 24, 32, 2; Move signal select into place
    %ix/load 1, 18, 0;
    %mov 4, 0, 1;
    %jmp/1 T_1.161, 4;
    %load/x1p 32, v0x7c65ba0_0, 3;
    %jmp T_1.162;
T_1.161 ;
    %mov 32, 2, 3;
T_1.162 ;
    %mov 26, 32, 3; Move signal select into place
    %ix/load 1, 3, 0;
    %mov 4, 0, 1;
    %jmp/1 T_1.163, 4;
    %load/x1p 32, v0x7c65ba0_0, 1;
    %jmp T_1.164;
T_1.163 ;
    %mov 32, 2, 1;
T_1.164 ;
    %mov 29, 32, 1; Move signal select into place
    %load/v 30, v0x7c65ba0_0, 1; Select 1 out of 24 bits
    %ix/load 1, 23, 0;
    %mov 4, 0, 1;
    %jmp/1 T_1.165, 4;
    %load/x1p 32, v0x7c65ba0_0, 1;
    %jmp T_1.166;
T_1.165 ;
    %mov 32, 2, 1;
T_1.166 ;
    %mov 31, 32, 1; Move signal select into place
    %ix/load 0, 24, 0;
    %assign/v0 v0x7c65d00_0, 0, 8;
    %ix/load 0, 1, 0;
    %assign/v0 v0x7c65de0_0, 0, 0;
    %jmp T_1.14;
T_1.8 ;
    %ix/load 1, 21, 0;
    %mov 4, 0, 1;
    %jmp/1 T_1.167, 4;
    %load/x1p 8, v0x7c65ba0_0, 3;
    %jmp T_1.168;
T_1.167 ;
    %mov 8, 2, 3;
T_1.168 ;
; Save base=8 wid=3 in lookaside.
    %cmpi/u 8, 0, 3;
    %jmp/1 T_1.169, 6;
    %cmpi/u 8, 1, 3;
    %jmp/1 T_1.170, 6;
    %cmpi/u 8, 2, 3;
    %jmp/1 T_1.171, 6;
    %cmpi/u 8, 3, 3;
    %jmp/1 T_1.172, 6;
    %cmpi/u 8, 4, 3;
    %jmp/1 T_1.173, 6;
    %cmpi/u 8, 5, 3;
    %jmp/1 T_1.174, 6;
    %cmpi/u 8, 6, 3;
    %jmp/1 T_1.175, 6;
    %jmp T_1.176;
T_1.169 ;
    %mov 8, 0, 21;
    %load/v 29, v0x7c65ba0_0, 3; Select 3 out of 24 bits
    %ix/load 0, 24, 0;
    %assign/v0 v0x7c65d00_0, 0, 8;
    %jmp T_1.176;
T_1.170 ;
    %mov 8, 0, 21;
    %ix/load 1, 3, 0;
    %mov 4, 0, 1;
    %jmp/1 T_1.177, 4;
    %load/x1p 32, v0x7c65ba0_0, 3;
    %jmp T_1.178;
T_1.177 ;
    %mov 32, 2, 3;
T_1.178 ;
    %mov 29, 32, 3; Move signal select into place
    %ix/load 0, 24, 0;
    %assign/v0 v0x7c65d00_0, 0, 8;
    %jmp T_1.176;
T_1.171 ;
    %mov 8, 0, 21;
    %ix/load 1, 6, 0;
    %mov 4, 0, 1;
    %jmp/1 T_1.179, 4;
    %load/x1p 32, v0x7c65ba0_0, 3;
    %jmp T_1.180;
T_1.179 ;
    %mov 32, 2, 3;
T_1.180 ;
    %mov 29, 32, 3; Move signal select into place
    %ix/load 0, 24, 0;
    %assign/v0 v0x7c65d00_0, 0, 8;
    %jmp T_1.176;
T_1.172 ;
    %mov 8, 0, 21;
    %ix/load 1, 9, 0;
    %mov 4, 0, 1;
    %jmp/1 T_1.181, 4;
    %load/x1p 32, v0x7c65ba0_0, 3;
    %jmp T_1.182;
T_1.181 ;
    %mov 32, 2, 3;
T_1.182 ;
    %mov 29, 32, 3; Move signal select into place
    %ix/load 0, 24, 0;
    %assign/v0 v0x7c65d00_0, 0, 8;
    %jmp T_1.176;
T_1.173 ;
    %mov 8, 0, 21;
    %ix/load 1, 12, 0;
    %mov 4, 0, 1;
    %jmp/1 T_1.183, 4;
    %load/x1p 32, v0x7c65ba0_0, 3;
    %jmp T_1.184;
T_1.183 ;
    %mov 32, 2, 3;
T_1.184 ;
    %mov 29, 32, 3; Move signal select into place
    %ix/load 0, 24, 0;
    %assign/v0 v0x7c65d00_0, 0, 8;
    %jmp T_1.176;
T_1.174 ;
    %mov 8, 0, 21;
    %ix/load 1, 15, 0;
    %mov 4, 0, 1;
    %jmp/1 T_1.185, 4;
    %load/x1p 32, v0x7c65ba0_0, 3;
    %jmp T_1.186;
T_1.185 ;
    %mov 32, 2, 3;
T_1.186 ;
    %mov 29, 32, 3; Move signal select into place
    %ix/load 0, 24, 0;
    %assign/v0 v0x7c65d00_0, 0, 8;
    %jmp T_1.176;
T_1.175 ;
    %mov 8, 0, 21;
    %ix/load 1, 18, 0;
    %mov 4, 0, 1;
    %jmp/1 T_1.187, 4;
    %load/x1p 32, v0x7c65ba0_0, 3;
    %jmp T_1.188;
T_1.187 ;
    %mov 32, 2, 3;
T_1.188 ;
    %mov 29, 32, 3; Move signal select into place
    %ix/load 0, 24, 0;
    %assign/v0 v0x7c65d00_0, 0, 8;
    %jmp T_1.176;
T_1.176 ;
    %ix/load 0, 1, 0;
    %assign/v0 v0x7c65de0_0, 0, 0;
    %jmp T_1.14;
T_1.9 ;
    %ix/load 1, 20, 0;
    %mov 4, 0, 1;
    %jmp/1 T_1.189, 4;
    %load/x1p 10, v0x7c65ae0_0, 1;
    %jmp T_1.190;
T_1.189 ;
    %mov 10, 2, 1;
T_1.190 ;
    %mov 8, 10, 1; Move signal select into place
    %mov 9, 0, 1;
    %cmpi/u 8, 1, 2;
    %jmp/0xz  T_1.191, 4;
    %mov 8, 0, 21;
    %ix/load 1, 21, 0;
    %mov 4, 0, 1;
    %jmp/1 T_1.193, 4;
    %load/x1p 32, v0x7c65ae0_0, 3;
    %jmp T_1.194;
T_1.193 ;
    %mov 32, 2, 3;
T_1.194 ;
    %mov 29, 32, 3; Move signal select into place
    %load/v 32, v0x7c65ba0_0, 24;
    %add 8, 32, 24;
    %ix/load 0, 24, 0;
    %assign/v0 v0x7c65d00_0, 0, 8;
    %jmp T_1.192;
T_1.191 ;
    %load/v 8, v0x7c65ba0_0, 21; Select 21 out of 24 bits
    %mov 29, 0, 3;
    %ix/load 1, 21, 0;
    %mov 4, 0, 1;
    %jmp/1 T_1.195, 4;
    %load/x1p 56, v0x7c65ae0_0, 3;
    %jmp T_1.196;
T_1.195 ;
    %mov 56, 2, 3;
T_1.196 ;
    %mov 32, 56, 3; Move signal select into place
    %mov 35, 0, 21;
    %add 8, 32, 24;
    %ix/load 0, 24, 0;
    %assign/v0 v0x7c65d00_0, 0, 8;
T_1.192 ;
    %ix/load 0, 1, 0;
    %assign/v0 v0x7c65de0_0, 0, 0;
    %jmp T_1.14;
T_1.10 ;
    %ix/load 1, 21, 0;
    %mov 4, 0, 1;
    %jmp/1 T_1.200, 4;
    %load/x1p 8, v0x7c65ae0_0, 3;
    %jmp T_1.201;
T_1.200 ;
    %mov 8, 2, 3;
T_1.201 ;
; Save base=8 wid=3 in lookaside.
    %ix/load 1, 21, 0;
    %mov 4, 0, 1;
    %jmp/1 T_1.202, 4;
    %load/x1p 11, v0x7c65ba0_0, 3;
    %jmp T_1.203;
T_1.202 ;
    %mov 11, 2, 3;
T_1.203 ;
; Save base=11 wid=3 in lookaside.
    %cmp/u 8, 11, 3;
    %mov 8, 4, 1;
    %jmp/0  T_1.197, 8;
    %mov 9, 1, 1;
    %jmp/1  T_1.199, 8;
T_1.197 ; End of true expr.
    %jmp/0  T_1.198, 8;
 ; End of false expr.
    %blend  9, 0, 1; Condition unknown.
    %jmp  T_1.199;
T_1.198 ;
    %mov 9, 0, 1; Return false value
T_1.199 ;
    %ix/load 0, 1, 0;
    %assign/v0 v0x7c65de0_0, 0, 9;
    %jmp T_1.14;
T_1.11 ;
    %load/v 8, v0x7c65ae0_0, 24;
    %load/v 32, v0x7c65ba0_0, 24;
    %cmp/u 8, 32, 24;
    %mov 8, 4, 1;
    %jmp/0  T_1.204, 8;
    %mov 9, 1, 1;
    %jmp/1  T_1.206, 8;
T_1.204 ; End of true expr.
    %jmp/0  T_1.205, 8;
 ; End of false expr.
    %blend  9, 0, 1; Condition unknown.
    %jmp  T_1.206;
T_1.205 ;
    %mov 9, 0, 1; Return false value
T_1.206 ;
    %ix/load 0, 1, 0;
    %assign/v0 v0x7c65de0_0, 0, 9;
    %jmp T_1.14;
T_1.12 ;
    %ix/load 1, 23, 0;
    %mov 4, 0, 1;
    %jmp/1 T_1.207, 4;
    %load/x1p 10, v0x7c65ae0_0, 1;
    %jmp T_1.208;
T_1.207 ;
    %mov 10, 2, 1;
T_1.208 ;
    %mov 8, 10, 1; Move signal select into place
    %mov 9, 0, 1;
    %cmpi/u 8, 1, 2;
    %jmp/0xz  T_1.209, 4;
    %load/v 8, v0x7c65ba0_0, 21; Select 21 out of 24 bits
    %mov 29, 0, 4;
    %ix/load 0, 24, 0;
    %assign/v0 v0x7c65d00_0, 0, 8;
    %jmp T_1.210;
T_1.209 ;
    %load/v 8, v0x7c65ba0_0, 24;
    %ix/load 0, 24, 0;
    %assign/v0 v0x7c65d00_0, 0, 8;
T_1.210 ;
    %ix/load 0, 1, 0;
    %assign/v0 v0x7c65de0_0, 0, 0;
    %jmp T_1.14;
T_1.13 ;
    %load/v 8, v0x7c65ae0_0, 24;
    %ix/load 0, 24, 0;
    %assign/v0 v0x7c65d00_0, 0, 8;
    %ix/load 0, 1, 0;
    %assign/v0 v0x7c65de0_0, 0, 0;
    %jmp T_1.14;
T_1.14 ;
    %jmp T_1;
    .thread T_1, $push;
    .scope S_0x7c618c0;
T_2 ;
    %wait E_0x7c5e320;
    %load/v 8, v0x7c64bb0_0, 1;
    %inv 8, 1;
    %jmp/0xz  T_2.0, 8;
    %set/v v0x7c61b80_0, 0, 32;
T_2.2 ;
    %load/v 8, v0x7c61b80_0, 32;
   %cmpi/s 8, 256, 32;
    %or 5, 4, 1;
    %jmp/0xz T_2.3, 5;
    %ix/getv/s 3, v0x7c61b80_0;
   %jmp/1 t_18, 4;
   %ix/load 1, 0, 0;
   %set/av v0x7c61c80, 0, 24;
t_18 ;
    %ix/load 0, 1, 0;
    %load/vp0/s 8, v0x7c61b80_0, 32;
    %set/v v0x7c61b80_0, 8, 32;
    %jmp T_2.2;
T_2.3 ;
    %jmp T_2.1;
T_2.0 ;
    %load/v 8, v0x7c64ab0_0, 1;
    %jmp/0xz  T_2.4, 8;
    %load/v 8, v0x7c61c00_0, 24;
    %ix/getv 3, v0x7c61a30_0;
    %jmp/1 t_19, 4;
    %ix/load 0, 24, 0; word width
    %ix/load 1, 0, 0; part off
    %assign/av v0x7c61c80, 0, 8;
t_19 ;
    %jmp T_2.5;
T_2.4 ;
    %ix/getv 3, v0x7c61a30_0;
    %load/av 8, v0x7c61c80, 24;
    %ix/getv 3, v0x7c61a30_0;
    %jmp/1 t_20, 4;
    %ix/load 0, 24, 0; word width
    %ix/load 1, 0, 0; part off
    %assign/av v0x7c61c80, 0, 8;
t_20 ;
T_2.5 ;
T_2.1 ;
    %jmp T_2;
    .thread T_2;
    .scope S_0x7c613a0;
T_3 ;
    %wait E_0x7c61490;
    %load/v 8, v0x7c61730_0, 1;
    %inv 8, 1;
    %jmp/0xz  T_3.0, 8;
    %ix/load 0, 8, 0;
    %assign/v0 v0x7c61680_0, 0, 0;
    %jmp T_3.1;
T_3.0 ;
    %load/v 8, v0x7c61810_0, 1;
    %jmp/0xz  T_3.2, 8;
    %load/v 8, v0x7c615d0_0, 8;
    %ix/load 0, 8, 0;
    %assign/v0 v0x7c61680_0, 0, 8;
    %jmp T_3.3;
T_3.2 ;
    %load/v 8, v0x7c61680_0, 8;
    %mov 16, 0, 24;
    %addi 8, 1, 32;
    %ix/load 0, 8, 0;
    %assign/v0 v0x7c61680_0, 0, 8;
T_3.3 ;
T_3.1 ;
    %jmp T_3;
    .thread T_3;
    .scope S_0x7c5ee00;
T_4 ;
    %wait E_0x7c60820;
    %load/v 8, v0x7c61320_0, 8;
    %cmpi/u 8, 0, 8;
    %jmp/1 T_4.0, 6;
    %cmpi/u 8, 1, 8;
    %jmp/1 T_4.1, 6;
    %cmpi/u 8, 2, 8;
    %jmp/1 T_4.2, 6;
    %cmpi/u 8, 3, 8;
    %jmp/1 T_4.3, 6;
    %cmpi/u 8, 4, 8;
    %jmp/1 T_4.4, 6;
    %cmpi/u 8, 5, 8;
    %jmp/1 T_4.5, 6;
    %cmpi/u 8, 6, 8;
    %jmp/1 T_4.6, 6;
    %cmpi/u 8, 7, 8;
    %jmp/1 T_4.7, 6;
    %cmpi/u 8, 8, 8;
    %jmp/1 T_4.8, 6;
    %cmpi/u 8, 9, 8;
    %jmp/1 T_4.9, 6;
    %cmpi/u 8, 10, 8;
    %jmp/1 T_4.10, 6;
    %cmpi/u 8, 11, 8;
    %jmp/1 T_4.11, 6;
    %cmpi/u 8, 12, 8;
    %jmp/1 T_4.12, 6;
    %cmpi/u 8, 13, 8;
    %jmp/1 T_4.13, 6;
    %cmpi/u 8, 14, 8;
    %jmp/1 T_4.14, 6;
    %cmpi/u 8, 15, 8;
    %jmp/1 T_4.15, 6;
    %cmpi/u 8, 16, 8;
    %jmp/1 T_4.16, 6;
    %cmpi/u 8, 17, 8;
    %jmp/1 T_4.17, 6;
    %cmpi/u 8, 18, 8;
    %jmp/1 T_4.18, 6;
    %cmpi/u 8, 19, 8;
    %jmp/1 T_4.19, 6;
    %cmpi/u 8, 20, 8;
    %jmp/1 T_4.20, 6;
    %cmpi/u 8, 21, 8;
    %jmp/1 T_4.21, 6;
    %cmpi/u 8, 22, 8;
    %jmp/1 T_4.22, 6;
    %cmpi/u 8, 23, 8;
    %jmp/1 T_4.23, 6;
    %cmpi/u 8, 24, 8;
    %jmp/1 T_4.24, 6;
    %cmpi/u 8, 25, 8;
    %jmp/1 T_4.25, 6;
    %cmpi/u 8, 26, 8;
    %jmp/1 T_4.26, 6;
    %cmpi/u 8, 27, 8;
    %jmp/1 T_4.27, 6;
    %cmpi/u 8, 28, 8;
    %jmp/1 T_4.28, 6;
    %cmpi/u 8, 29, 8;
    %jmp/1 T_4.29, 6;
    %cmpi/u 8, 30, 8;
    %jmp/1 T_4.30, 6;
    %cmpi/u 8, 31, 8;
    %jmp/1 T_4.31, 6;
    %cmpi/u 8, 32, 8;
    %jmp/1 T_4.32, 6;
    %cmpi/u 8, 33, 8;
    %jmp/1 T_4.33, 6;
    %cmpi/u 8, 34, 8;
    %jmp/1 T_4.34, 6;
    %cmpi/u 8, 35, 8;
    %jmp/1 T_4.35, 6;
    %cmpi/u 8, 36, 8;
    %jmp/1 T_4.36, 6;
    %cmpi/u 8, 37, 8;
    %jmp/1 T_4.37, 6;
    %cmpi/u 8, 38, 8;
    %jmp/1 T_4.38, 6;
    %cmpi/u 8, 39, 8;
    %jmp/1 T_4.39, 6;
    %cmpi/u 8, 40, 8;
    %jmp/1 T_4.40, 6;
    %cmpi/u 8, 41, 8;
    %jmp/1 T_4.41, 6;
    %cmpi/u 8, 42, 8;
    %jmp/1 T_4.42, 6;
    %cmpi/u 8, 43, 8;
    %jmp/1 T_4.43, 6;
    %cmpi/u 8, 44, 8;
    %jmp/1 T_4.44, 6;
    %cmpi/u 8, 45, 8;
    %jmp/1 T_4.45, 6;
    %cmpi/u 8, 46, 8;
    %jmp/1 T_4.46, 6;
    %cmpi/u 8, 47, 8;
    %jmp/1 T_4.47, 6;
    %cmpi/u 8, 48, 8;
    %jmp/1 T_4.48, 6;
    %cmpi/u 8, 49, 8;
    %jmp/1 T_4.49, 6;
    %cmpi/u 8, 50, 8;
    %jmp/1 T_4.50, 6;
    %cmpi/u 8, 51, 8;
    %jmp/1 T_4.51, 6;
    %cmpi/u 8, 52, 8;
    %jmp/1 T_4.52, 6;
    %cmpi/u 8, 53, 8;
    %jmp/1 T_4.53, 6;
    %cmpi/u 8, 54, 8;
    %jmp/1 T_4.54, 6;
    %cmpi/u 8, 55, 8;
    %jmp/1 T_4.55, 6;
    %cmpi/u 8, 56, 8;
    %jmp/1 T_4.56, 6;
    %cmpi/u 8, 57, 8;
    %jmp/1 T_4.57, 6;
    %cmpi/u 8, 58, 8;
    %jmp/1 T_4.58, 6;
    %cmpi/u 8, 59, 8;
    %jmp/1 T_4.59, 6;
    %cmpi/u 8, 60, 8;
    %jmp/1 T_4.60, 6;
    %cmpi/u 8, 61, 8;
    %jmp/1 T_4.61, 6;
    %cmpi/u 8, 62, 8;
    %jmp/1 T_4.62, 6;
    %cmpi/u 8, 63, 8;
    %jmp/1 T_4.63, 6;
    %cmpi/u 8, 64, 8;
    %jmp/1 T_4.64, 6;
    %cmpi/u 8, 65, 8;
    %jmp/1 T_4.65, 6;
    %cmpi/u 8, 66, 8;
    %jmp/1 T_4.66, 6;
    %cmpi/u 8, 67, 8;
    %jmp/1 T_4.67, 6;
    %cmpi/u 8, 68, 8;
    %jmp/1 T_4.68, 6;
    %cmpi/u 8, 69, 8;
    %jmp/1 T_4.69, 6;
    %cmpi/u 8, 70, 8;
    %jmp/1 T_4.70, 6;
    %cmpi/u 8, 71, 8;
    %jmp/1 T_4.71, 6;
    %cmpi/u 8, 72, 8;
    %jmp/1 T_4.72, 6;
    %cmpi/u 8, 73, 8;
    %jmp/1 T_4.73, 6;
    %cmpi/u 8, 74, 8;
    %jmp/1 T_4.74, 6;
    %cmpi/u 8, 75, 8;
    %jmp/1 T_4.75, 6;
    %jmp T_4.76;
T_4.0 ;
    %movi 8, 14, 4;
    %ix/load 0, 4, 0;
    %ix/load 1, 12, 0;
    %assign/v0/x1 v0x7c61250_0, 0, 8;
    %movi 8, 3, 5;
    %ix/load 0, 4, 0;
    %ix/load 1, 8, 0;
    %assign/v0/x1 v0x7c61250_0, 0, 8;
    %ix/load 0, 4, 0;
    %ix/load 1, 4, 0;
    %assign/v0/x1 v0x7c61250_0, 0, 0;
    %ix/load 0, 4, 0;
    %ix/load 1, 0, 0;
    %assign/v0/x1 v0x7c61250_0, 0, 2;
    %jmp T_4.76;
T_4.1 ;
    %movi 8, 14, 4;
    %ix/load 0, 4, 0;
    %ix/load 1, 12, 0;
    %assign/v0/x1 v0x7c61250_0, 0, 8;
    %movi 8, 4, 5;
    %ix/load 0, 4, 0;
    %ix/load 1, 8, 0;
    %assign/v0/x1 v0x7c61250_0, 0, 8;
    %movi 8, 1, 5;
    %ix/load 0, 4, 0;
    %ix/load 1, 4, 0;
    %assign/v0/x1 v0x7c61250_0, 0, 8;
    %ix/load 0, 4, 0;
    %ix/load 1, 0, 0;
    %assign/v0/x1 v0x7c61250_0, 0, 2;
    %jmp T_4.76;
T_4.2 ;
    %movi 8, 14, 4;
    %ix/load 0, 4, 0;
    %ix/load 1, 12, 0;
    %assign/v0/x1 v0x7c61250_0, 0, 8;
    %movi 8, 5, 5;
    %ix/load 0, 4, 0;
    %ix/load 1, 8, 0;
    %assign/v0/x1 v0x7c61250_0, 0, 8;
    %movi 8, 2, 5;
    %ix/load 0, 4, 0;
    %ix/load 1, 4, 0;
    %assign/v0/x1 v0x7c61250_0, 0, 8;
    %ix/load 0, 4, 0;
    %ix/load 1, 0, 0;
    %assign/v0/x1 v0x7c61250_0, 0, 2;
    %jmp T_4.76;
T_4.3 ;
    %movi 8, 11, 4;
    %ix/load 0, 4, 0;
    %ix/load 1, 12, 0;
    %assign/v0/x1 v0x7c61250_0, 0, 8;
    %ix/load 0, 4, 0;
    %ix/load 1, 8, 0;
    %assign/v0/x1 v0x7c61250_0, 0, 2;
    %movi 8, 60, 8;
    %ix/load 0, 8, 0;
    %ix/load 1, 0, 0;
    %assign/v0/x1 v0x7c61250_0, 0, 8;
    %jmp T_4.76;
T_4.4 ;
    %movi 8, 8, 4;
    %ix/load 0, 4, 0;
    %ix/load 1, 12, 0;
    %assign/v0/x1 v0x7c61250_0, 0, 8;
    %movi 8, 6, 5;
    %ix/load 0, 4, 0;
    %ix/load 1, 8, 0;
    %assign/v0/x1 v0x7c61250_0, 0, 8;
    %movi 8, 192, 8;
    %ix/load 0, 8, 0;
    %ix/load 1, 0, 0;
    %assign/v0/x1 v0x7c61250_0, 0, 8;
    %jmp T_4.76;
T_4.5 ;
    %movi 8, 10, 4;
    %ix/load 0, 4, 0;
    %ix/load 1, 12, 0;
    %assign/v0/x1 v0x7c61250_0, 0, 8;
    %ix/load 0, 4, 0;
    %ix/load 1, 8, 0;
    %assign/v0/x1 v0x7c61250_0, 0, 2;
    %movi 8, 9, 8;
    %ix/load 0, 8, 0;
    %ix/load 1, 0, 0;
    %assign/v0/x1 v0x7c61250_0, 0, 8;
    %jmp T_4.76;
T_4.6 ;
    %movi 8, 12, 4;
    %ix/load 0, 4, 0;
    %ix/load 1, 12, 0;
    %assign/v0/x1 v0x7c61250_0, 0, 8;
    %movi 8, 8, 5;
    %ix/load 0, 4, 0;
    %ix/load 1, 8, 0;
    %assign/v0/x1 v0x7c61250_0, 0, 8;
    %movi 8, 6, 5;
    %ix/load 0, 4, 0;
    %ix/load 1, 4, 0;
    %assign/v0/x1 v0x7c61250_0, 0, 8;
    %ix/load 0, 4, 0;
    %ix/load 1, 0, 0;
    %assign/v0/x1 v0x7c61250_0, 0, 2;
    %jmp T_4.76;
T_4.7 ;
    %movi 8, 13, 4;
    %ix/load 0, 4, 0;
    %ix/load 1, 12, 0;
    %assign/v0/x1 v0x7c61250_0, 0, 8;
    %movi 8, 6, 5;
    %ix/load 0, 4, 0;
    %ix/load 1, 8, 0;
    %assign/v0/x1 v0x7c61250_0, 0, 8;
    %movi 8, 6, 5;
    %ix/load 0, 4, 0;
    %ix/load 1, 4, 0;
    %assign/v0/x1 v0x7c61250_0, 0, 8;
    %movi 8, 3, 4;
    %ix/load 0, 4, 0;
    %ix/load 1, 0, 0;
    %assign/v0/x1 v0x7c61250_0, 0, 8;
    %jmp T_4.76;
T_4.8 ;
    %movi 8, 11, 4;
    %ix/load 0, 4, 0;
    %ix/load 1, 12, 0;
    %assign/v0/x1 v0x7c61250_0, 0, 8;
    %ix/load 0, 4, 0;
    %ix/load 1, 8, 0;
    %assign/v0/x1 v0x7c61250_0, 0, 2;
    %movi 8, 12, 8;
    %ix/load 0, 8, 0;
    %ix/load 1, 0, 0;
    %assign/v0/x1 v0x7c61250_0, 0, 8;
    %jmp T_4.76;
T_4.9 ;
    %movi 8, 13, 4;
    %ix/load 0, 4, 0;
    %ix/load 1, 12, 0;
    %assign/v0/x1 v0x7c61250_0, 0, 8;
    %movi 8, 6, 5;
    %ix/load 0, 4, 0;
    %ix/load 1, 8, 0;
    %assign/v0/x1 v0x7c61250_0, 0, 8;
    %movi 8, 6, 5;
    %ix/load 0, 4, 0;
    %ix/load 1, 4, 0;
    %assign/v0/x1 v0x7c61250_0, 0, 8;
    %movi 8, 2, 4;
    %ix/load 0, 4, 0;
    %ix/load 1, 0, 0;
    %assign/v0/x1 v0x7c61250_0, 0, 8;
    %jmp T_4.76;
T_4.10 ;
    %movi 8, 14, 4;
    %ix/load 0, 4, 0;
    %ix/load 1, 12, 0;
    %assign/v0/x1 v0x7c61250_0, 0, 8;
    %movi 8, 6, 5;
    %ix/load 0, 4, 0;
    %ix/load 1, 8, 0;
    %assign/v0/x1 v0x7c61250_0, 0, 8;
    %movi 8, 6, 5;
    %ix/load 0, 4, 0;
    %ix/load 1, 4, 0;
    %assign/v0/x1 v0x7c61250_0, 0, 8;
    %movi 8, 8, 4;
    %ix/load 0, 4, 0;
    %ix/load 1, 0, 0;
    %assign/v0/x1 v0x7c61250_0, 0, 8;
    %jmp T_4.76;
T_4.11 ;
    %movi 8, 11, 4;
    %ix/load 0, 4, 0;
    %ix/load 1, 12, 0;
    %assign/v0/x1 v0x7c61250_0, 0, 8;
    %ix/load 0, 4, 0;
    %ix/load 1, 8, 0;
    %assign/v0/x1 v0x7c61250_0, 0, 2;
    %ix/load 0, 8, 0;
    %ix/load 1, 0, 0;
    %assign/v0/x1 v0x7c61250_0, 0, 0;
    %jmp T_4.76;
T_4.12 ;
    %movi 8, 8, 4;
    %ix/load 0, 4, 0;
    %ix/load 1, 12, 0;
    %assign/v0/x1 v0x7c61250_0, 0, 8;
    %movi 8, 8, 5;
    %ix/load 0, 4, 0;
    %ix/load 1, 8, 0;
    %assign/v0/x1 v0x7c61250_0, 0, 8;
    %ix/load 0, 8, 0;
    %ix/load 1, 0, 0;
    %assign/v0/x1 v0x7c61250_0, 0, 0;
    %jmp T_4.76;
T_4.13 ;
    %movi 8, 10, 4;
    %ix/load 0, 4, 0;
    %ix/load 1, 12, 0;
    %assign/v0/x1 v0x7c61250_0, 0, 8;
    %ix/load 0, 4, 0;
    %ix/load 1, 8, 0;
    %assign/v0/x1 v0x7c61250_0, 0, 2;
    %movi 8, 28, 8;
    %ix/load 0, 8, 0;
    %ix/load 1, 0, 0;
    %assign/v0/x1 v0x7c61250_0, 0, 8;
    %jmp T_4.76;
T_4.14 ;
    %movi 8, 8, 4;
    %ix/load 0, 4, 0;
    %ix/load 1, 12, 0;
    %assign/v0/x1 v0x7c61250_0, 0, 8;
    %movi 8, 8, 5;
    %ix/load 0, 4, 0;
    %ix/load 1, 8, 0;
    %assign/v0/x1 v0x7c61250_0, 0, 8;
    %movi 8, 32, 8;
    %ix/load 0, 8, 0;
    %ix/load 1, 0, 0;
    %assign/v0/x1 v0x7c61250_0, 0, 8;
    %jmp T_4.76;
T_4.15 ;
    %movi 8, 10, 4;
    %ix/load 0, 4, 0;
    %ix/load 1, 12, 0;
    %assign/v0/x1 v0x7c61250_0, 0, 8;
    %ix/load 0, 4, 0;
    %ix/load 1, 8, 0;
    %assign/v0/x1 v0x7c61250_0, 0, 2;
    %movi 8, 32, 8;
    %ix/load 0, 8, 0;
    %ix/load 1, 0, 0;
    %assign/v0/x1 v0x7c61250_0, 0, 8;
    %jmp T_4.76;
T_4.16 ;
    %movi 8, 8, 4;
    %ix/load 0, 4, 0;
    %ix/load 1, 12, 0;
    %assign/v0/x1 v0x7c61250_0, 0, 8;
    %movi 8, 8, 5;
    %ix/load 0, 4, 0;
    %ix/load 1, 8, 0;
    %assign/v0/x1 v0x7c61250_0, 0, 8;
    %movi 8, 64, 8;
    %ix/load 0, 8, 0;
    %ix/load 1, 0, 0;
    %assign/v0/x1 v0x7c61250_0, 0, 8;
    %jmp T_4.76;
T_4.17 ;
    %movi 8, 10, 4;
    %ix/load 0, 4, 0;
    %ix/load 1, 12, 0;
    %assign/v0/x1 v0x7c61250_0, 0, 8;
    %ix/load 0, 4, 0;
    %ix/load 1, 8, 0;
    %assign/v0/x1 v0x7c61250_0, 0, 2;
    %movi 8, 36, 8;
    %ix/load 0, 8, 0;
    %ix/load 1, 0, 0;
    %assign/v0/x1 v0x7c61250_0, 0, 8;
    %jmp T_4.76;
T_4.18 ;
    %movi 8, 8, 4;
    %ix/load 0, 4, 0;
    %ix/load 1, 12, 0;
    %assign/v0/x1 v0x7c61250_0, 0, 8;
    %movi 8, 8, 5;
    %ix/load 0, 4, 0;
    %ix/load 1, 8, 0;
    %assign/v0/x1 v0x7c61250_0, 0, 8;
    %movi 8, 96, 8;
    %ix/load 0, 8, 0;
    %ix/load 1, 0, 0;
    %assign/v0/x1 v0x7c61250_0, 0, 8;
    %jmp T_4.76;
T_4.19 ;
    %movi 8, 10, 4;
    %ix/load 0, 4, 0;
    %ix/load 1, 12, 0;
    %assign/v0/x1 v0x7c61250_0, 0, 8;
    %ix/load 0, 4, 0;
    %ix/load 1, 8, 0;
    %assign/v0/x1 v0x7c61250_0, 0, 2;
    %movi 8, 40, 8;
    %ix/load 0, 8, 0;
    %ix/load 1, 0, 0;
    %assign/v0/x1 v0x7c61250_0, 0, 8;
    %jmp T_4.76;
T_4.20 ;
    %movi 8, 8, 4;
    %ix/load 0, 4, 0;
    %ix/load 1, 12, 0;
    %assign/v0/x1 v0x7c61250_0, 0, 8;
    %movi 8, 8, 5;
    %ix/load 0, 4, 0;
    %ix/load 1, 8, 0;
    %assign/v0/x1 v0x7c61250_0, 0, 8;
    %movi 8, 128, 8;
    %ix/load 0, 8, 0;
    %ix/load 1, 0, 0;
    %assign/v0/x1 v0x7c61250_0, 0, 8;
    %jmp T_4.76;
T_4.21 ;
    %movi 8, 10, 4;
    %ix/load 0, 4, 0;
    %ix/load 1, 12, 0;
    %assign/v0/x1 v0x7c61250_0, 0, 8;
    %ix/load 0, 4, 0;
    %ix/load 1, 8, 0;
    %assign/v0/x1 v0x7c61250_0, 0, 2;
    %movi 8, 44, 8;
    %ix/load 0, 8, 0;
    %ix/load 1, 0, 0;
    %assign/v0/x1 v0x7c61250_0, 0, 8;
    %jmp T_4.76;
T_4.22 ;
    %movi 8, 8, 4;
    %ix/load 0, 4, 0;
    %ix/load 1, 12, 0;
    %assign/v0/x1 v0x7c61250_0, 0, 8;
    %movi 8, 8, 5;
    %ix/load 0, 4, 0;
    %ix/load 1, 8, 0;
    %assign/v0/x1 v0x7c61250_0, 0, 8;
    %movi 8, 160, 8;
    %ix/load 0, 8, 0;
    %ix/load 1, 0, 0;
    %assign/v0/x1 v0x7c61250_0, 0, 8;
    %jmp T_4.76;
T_4.23 ;
    %movi 8, 10, 4;
    %ix/load 0, 4, 0;
    %ix/load 1, 12, 0;
    %assign/v0/x1 v0x7c61250_0, 0, 8;
    %ix/load 0, 4, 0;
    %ix/load 1, 8, 0;
    %assign/v0/x1 v0x7c61250_0, 0, 2;
    %movi 8, 48, 8;
    %ix/load 0, 8, 0;
    %ix/load 1, 0, 0;
    %assign/v0/x1 v0x7c61250_0, 0, 8;
    %jmp T_4.76;
T_4.24 ;
    %movi 8, 8, 4;
    %ix/load 0, 4, 0;
    %ix/load 1, 12, 0;
    %assign/v0/x1 v0x7c61250_0, 0, 8;
    %movi 8, 8, 5;
    %ix/load 0, 4, 0;
    %ix/load 1, 8, 0;
    %assign/v0/x1 v0x7c61250_0, 0, 8;
    %movi 8, 192, 8;
    %ix/load 0, 8, 0;
    %ix/load 1, 0, 0;
    %assign/v0/x1 v0x7c61250_0, 0, 8;
    %jmp T_4.76;
T_4.25 ;
    %movi 8, 10, 4;
    %ix/load 0, 4, 0;
    %ix/load 1, 12, 0;
    %assign/v0/x1 v0x7c61250_0, 0, 8;
    %ix/load 0, 4, 0;
    %ix/load 1, 8, 0;
    %assign/v0/x1 v0x7c61250_0, 0, 2;
    %movi 8, 52, 8;
    %ix/load 0, 8, 0;
    %ix/load 1, 0, 0;
    %assign/v0/x1 v0x7c61250_0, 0, 8;
    %jmp T_4.76;
T_4.26 ;
    %movi 8, 8, 4;
    %ix/load 0, 4, 0;
    %ix/load 1, 12, 0;
    %assign/v0/x1 v0x7c61250_0, 0, 8;
    %movi 8, 8, 5;
    %ix/load 0, 4, 0;
    %ix/load 1, 8, 0;
    %assign/v0/x1 v0x7c61250_0, 0, 8;
    %movi 8, 224, 8;
    %ix/load 0, 8, 0;
    %ix/load 1, 0, 0;
    %assign/v0/x1 v0x7c61250_0, 0, 8;
    %jmp T_4.76;
T_4.27 ;
    %movi 8, 10, 4;
    %ix/load 0, 4, 0;
    %ix/load 1, 12, 0;
    %assign/v0/x1 v0x7c61250_0, 0, 8;
    %ix/load 0, 4, 0;
    %ix/load 1, 8, 0;
    %assign/v0/x1 v0x7c61250_0, 0, 2;
    %movi 8, 56, 8;
    %ix/load 0, 8, 0;
    %ix/load 1, 0, 0;
    %assign/v0/x1 v0x7c61250_0, 0, 8;
    %jmp T_4.76;
T_4.28 ;
    %ix/load 0, 4, 0;
    %ix/load 1, 12, 0;
    %assign/v0/x1 v0x7c61250_0, 0, 0;
    %movi 8, 3, 5;
    %ix/load 0, 4, 0;
    %ix/load 1, 8, 0;
    %assign/v0/x1 v0x7c61250_0, 0, 8;
    %movi 8, 3, 5;
    %ix/load 0, 4, 0;
    %ix/load 1, 4, 0;
    %assign/v0/x1 v0x7c61250_0, 0, 8;
    %ix/load 0, 4, 0;
    %ix/load 1, 0, 0;
    %assign/v0/x1 v0x7c61250_0, 0, 2;
    %jmp T_4.76;
T_4.29 ;
    %ix/load 0, 4, 0;
    %ix/load 1, 12, 0;
    %assign/v0/x1 v0x7c61250_0, 0, 0;
    %movi 8, 4, 5;
    %ix/load 0, 4, 0;
    %ix/load 1, 8, 0;
    %assign/v0/x1 v0x7c61250_0, 0, 8;
    %movi 8, 4, 5;
    %ix/load 0, 4, 0;
    %ix/load 1, 4, 0;
    %assign/v0/x1 v0x7c61250_0, 0, 8;
    %ix/load 0, 4, 0;
    %ix/load 1, 0, 0;
    %assign/v0/x1 v0x7c61250_0, 0, 2;
    %jmp T_4.76;
T_4.30 ;
    %ix/load 0, 4, 0;
    %ix/load 1, 12, 0;
    %assign/v0/x1 v0x7c61250_0, 0, 0;
    %movi 8, 5, 5;
    %ix/load 0, 4, 0;
    %ix/load 1, 8, 0;
    %assign/v0/x1 v0x7c61250_0, 0, 8;
    %movi 8, 5, 5;
    %ix/load 0, 4, 0;
    %ix/load 1, 4, 0;
    %assign/v0/x1 v0x7c61250_0, 0, 8;
    %ix/load 0, 4, 0;
    %ix/load 1, 0, 0;
    %assign/v0/x1 v0x7c61250_0, 0, 2;
    %jmp T_4.76;
T_4.31 ;
    %movi 8, 11, 4;
    %ix/load 0, 4, 0;
    %ix/load 1, 12, 0;
    %assign/v0/x1 v0x7c61250_0, 0, 8;
    %ix/load 0, 4, 0;
    %ix/load 1, 8, 0;
    %assign/v0/x1 v0x7c61250_0, 0, 2;
    %movi 8, 60, 8;
    %ix/load 0, 8, 0;
    %ix/load 1, 0, 0;
    %assign/v0/x1 v0x7c61250_0, 0, 8;
    %jmp T_4.76;
T_4.32 ;
    %movi 8, 1, 4;
    %ix/load 0, 4, 0;
    %ix/load 1, 12, 0;
    %assign/v0/x1 v0x7c61250_0, 0, 8;
    %movi 8, 3, 5;
    %ix/load 0, 4, 0;
    %ix/load 1, 8, 0;
    %assign/v0/x1 v0x7c61250_0, 0, 8;
    %movi 8, 3, 5;
    %ix/load 0, 4, 0;
    %ix/load 1, 4, 0;
    %assign/v0/x1 v0x7c61250_0, 0, 8;
    %ix/load 0, 4, 0;
    %ix/load 1, 0, 0;
    %assign/v0/x1 v0x7c61250_0, 0, 2;
    %jmp T_4.76;
T_4.33 ;
    %movi 8, 1, 4;
    %ix/load 0, 4, 0;
    %ix/load 1, 12, 0;
    %assign/v0/x1 v0x7c61250_0, 0, 8;
    %movi 8, 4, 5;
    %ix/load 0, 4, 0;
    %ix/load 1, 8, 0;
    %assign/v0/x1 v0x7c61250_0, 0, 8;
    %movi 8, 4, 5;
    %ix/load 0, 4, 0;
    %ix/load 1, 4, 0;
    %assign/v0/x1 v0x7c61250_0, 0, 8;
    %ix/load 0, 4, 0;
    %ix/load 1, 0, 0;
    %assign/v0/x1 v0x7c61250_0, 0, 2;
    %jmp T_4.76;
T_4.34 ;
    %movi 8, 1, 4;
    %ix/load 0, 4, 0;
    %ix/load 1, 12, 0;
    %assign/v0/x1 v0x7c61250_0, 0, 8;
    %movi 8, 5, 5;
    %ix/load 0, 4, 0;
    %ix/load 1, 8, 0;
    %assign/v0/x1 v0x7c61250_0, 0, 8;
    %movi 8, 5, 5;
    %ix/load 0, 4, 0;
    %ix/load 1, 4, 0;
    %assign/v0/x1 v0x7c61250_0, 0, 8;
    %ix/load 0, 4, 0;
    %ix/load 1, 0, 0;
    %assign/v0/x1 v0x7c61250_0, 0, 2;
    %jmp T_4.76;
T_4.35 ;
    %movi 8, 11, 4;
    %ix/load 0, 4, 0;
    %ix/load 1, 12, 0;
    %assign/v0/x1 v0x7c61250_0, 0, 8;
    %ix/load 0, 4, 0;
    %ix/load 1, 8, 0;
    %assign/v0/x1 v0x7c61250_0, 0, 2;
    %movi 8, 60, 8;
    %ix/load 0, 8, 0;
    %ix/load 1, 0, 0;
    %assign/v0/x1 v0x7c61250_0, 0, 8;
    %jmp T_4.76;
T_4.36 ;
    %movi 8, 2, 4;
    %ix/load 0, 4, 0;
    %ix/load 1, 12, 0;
    %assign/v0/x1 v0x7c61250_0, 0, 8;
    %movi 8, 3, 5;
    %ix/load 0, 4, 0;
    %ix/load 1, 8, 0;
    %assign/v0/x1 v0x7c61250_0, 0, 8;
    %movi 8, 3, 5;
    %ix/load 0, 4, 0;
    %ix/load 1, 4, 0;
    %assign/v0/x1 v0x7c61250_0, 0, 8;
    %ix/load 0, 4, 0;
    %ix/load 1, 0, 0;
    %assign/v0/x1 v0x7c61250_0, 0, 2;
    %jmp T_4.76;
T_4.37 ;
    %movi 8, 2, 4;
    %ix/load 0, 4, 0;
    %ix/load 1, 12, 0;
    %assign/v0/x1 v0x7c61250_0, 0, 8;
    %movi 8, 4, 5;
    %ix/load 0, 4, 0;
    %ix/load 1, 8, 0;
    %assign/v0/x1 v0x7c61250_0, 0, 8;
    %movi 8, 4, 5;
    %ix/load 0, 4, 0;
    %ix/load 1, 4, 0;
    %assign/v0/x1 v0x7c61250_0, 0, 8;
    %ix/load 0, 4, 0;
    %ix/load 1, 0, 0;
    %assign/v0/x1 v0x7c61250_0, 0, 2;
    %jmp T_4.76;
T_4.38 ;
    %movi 8, 2, 4;
    %ix/load 0, 4, 0;
    %ix/load 1, 12, 0;
    %assign/v0/x1 v0x7c61250_0, 0, 8;
    %movi 8, 5, 5;
    %ix/load 0, 4, 0;
    %ix/load 1, 8, 0;
    %assign/v0/x1 v0x7c61250_0, 0, 8;
    %movi 8, 5, 5;
    %ix/load 0, 4, 0;
    %ix/load 1, 4, 0;
    %assign/v0/x1 v0x7c61250_0, 0, 8;
    %ix/load 0, 4, 0;
    %ix/load 1, 0, 0;
    %assign/v0/x1 v0x7c61250_0, 0, 2;
    %jmp T_4.76;
T_4.39 ;
    %movi 8, 11, 4;
    %ix/load 0, 4, 0;
    %ix/load 1, 12, 0;
    %assign/v0/x1 v0x7c61250_0, 0, 8;
    %ix/load 0, 4, 0;
    %ix/load 1, 8, 0;
    %assign/v0/x1 v0x7c61250_0, 0, 2;
    %movi 8, 60, 8;
    %ix/load 0, 8, 0;
    %ix/load 1, 0, 0;
    %assign/v0/x1 v0x7c61250_0, 0, 8;
    %jmp T_4.76;
T_4.40 ;
    %movi 8, 3, 4;
    %ix/load 0, 4, 0;
    %ix/load 1, 12, 0;
    %assign/v0/x1 v0x7c61250_0, 0, 8;
    %movi 8, 3, 5;
    %ix/load 0, 4, 0;
    %ix/load 1, 8, 0;
    %assign/v0/x1 v0x7c61250_0, 0, 8;
    %movi 8, 3, 5;
    %ix/load 0, 4, 0;
    %ix/load 1, 4, 0;
    %assign/v0/x1 v0x7c61250_0, 0, 8;
    %ix/load 0, 4, 0;
    %ix/load 1, 0, 0;
    %assign/v0/x1 v0x7c61250_0, 0, 2;
    %jmp T_4.76;
T_4.41 ;
    %movi 8, 3, 4;
    %ix/load 0, 4, 0;
    %ix/load 1, 12, 0;
    %assign/v0/x1 v0x7c61250_0, 0, 8;
    %movi 8, 4, 5;
    %ix/load 0, 4, 0;
    %ix/load 1, 8, 0;
    %assign/v0/x1 v0x7c61250_0, 0, 8;
    %movi 8, 4, 5;
    %ix/load 0, 4, 0;
    %ix/load 1, 4, 0;
    %assign/v0/x1 v0x7c61250_0, 0, 8;
    %ix/load 0, 4, 0;
    %ix/load 1, 0, 0;
    %assign/v0/x1 v0x7c61250_0, 0, 2;
    %jmp T_4.76;
T_4.42 ;
    %movi 8, 3, 4;
    %ix/load 0, 4, 0;
    %ix/load 1, 12, 0;
    %assign/v0/x1 v0x7c61250_0, 0, 8;
    %movi 8, 5, 5;
    %ix/load 0, 4, 0;
    %ix/load 1, 8, 0;
    %assign/v0/x1 v0x7c61250_0, 0, 8;
    %movi 8, 5, 5;
    %ix/load 0, 4, 0;
    %ix/load 1, 4, 0;
    %assign/v0/x1 v0x7c61250_0, 0, 8;
    %ix/load 0, 4, 0;
    %ix/load 1, 0, 0;
    %assign/v0/x1 v0x7c61250_0, 0, 2;
    %jmp T_4.76;
T_4.43 ;
    %movi 8, 11, 4;
    %ix/load 0, 4, 0;
    %ix/load 1, 12, 0;
    %assign/v0/x1 v0x7c61250_0, 0, 8;
    %ix/load 0, 4, 0;
    %ix/load 1, 8, 0;
    %assign/v0/x1 v0x7c61250_0, 0, 2;
    %movi 8, 60, 8;
    %ix/load 0, 8, 0;
    %ix/load 1, 0, 0;
    %assign/v0/x1 v0x7c61250_0, 0, 8;
    %jmp T_4.76;
T_4.44 ;
    %movi 8, 4, 4;
    %ix/load 0, 4, 0;
    %ix/load 1, 12, 0;
    %assign/v0/x1 v0x7c61250_0, 0, 8;
    %movi 8, 3, 5;
    %ix/load 0, 4, 0;
    %ix/load 1, 8, 0;
    %assign/v0/x1 v0x7c61250_0, 0, 8;
    %movi 8, 3, 5;
    %ix/load 0, 4, 0;
    %ix/load 1, 4, 0;
    %assign/v0/x1 v0x7c61250_0, 0, 8;
    %ix/load 0, 4, 0;
    %ix/load 1, 0, 0;
    %assign/v0/x1 v0x7c61250_0, 0, 2;
    %jmp T_4.76;
T_4.45 ;
    %movi 8, 4, 4;
    %ix/load 0, 4, 0;
    %ix/load 1, 12, 0;
    %assign/v0/x1 v0x7c61250_0, 0, 8;
    %movi 8, 4, 5;
    %ix/load 0, 4, 0;
    %ix/load 1, 8, 0;
    %assign/v0/x1 v0x7c61250_0, 0, 8;
    %movi 8, 4, 5;
    %ix/load 0, 4, 0;
    %ix/load 1, 4, 0;
    %assign/v0/x1 v0x7c61250_0, 0, 8;
    %ix/load 0, 4, 0;
    %ix/load 1, 0, 0;
    %assign/v0/x1 v0x7c61250_0, 0, 2;
    %jmp T_4.76;
T_4.46 ;
    %movi 8, 4, 4;
    %ix/load 0, 4, 0;
    %ix/load 1, 12, 0;
    %assign/v0/x1 v0x7c61250_0, 0, 8;
    %movi 8, 5, 5;
    %ix/load 0, 4, 0;
    %ix/load 1, 8, 0;
    %assign/v0/x1 v0x7c61250_0, 0, 8;
    %movi 8, 5, 5;
    %ix/load 0, 4, 0;
    %ix/load 1, 4, 0;
    %assign/v0/x1 v0x7c61250_0, 0, 8;
    %ix/load 0, 4, 0;
    %ix/load 1, 0, 0;
    %assign/v0/x1 v0x7c61250_0, 0, 2;
    %jmp T_4.76;
T_4.47 ;
    %movi 8, 11, 4;
    %ix/load 0, 4, 0;
    %ix/load 1, 12, 0;
    %assign/v0/x1 v0x7c61250_0, 0, 8;
    %ix/load 0, 4, 0;
    %ix/load 1, 8, 0;
    %assign/v0/x1 v0x7c61250_0, 0, 2;
    %movi 8, 60, 8;
    %ix/load 0, 8, 0;
    %ix/load 1, 0, 0;
    %assign/v0/x1 v0x7c61250_0, 0, 8;
    %jmp T_4.76;
T_4.48 ;
    %movi 8, 5, 4;
    %ix/load 0, 4, 0;
    %ix/load 1, 12, 0;
    %assign/v0/x1 v0x7c61250_0, 0, 8;
    %movi 8, 3, 5;
    %ix/load 0, 4, 0;
    %ix/load 1, 8, 0;
    %assign/v0/x1 v0x7c61250_0, 0, 8;
    %movi 8, 3, 5;
    %ix/load 0, 4, 0;
    %ix/load 1, 4, 0;
    %assign/v0/x1 v0x7c61250_0, 0, 8;
    %ix/load 0, 4, 0;
    %ix/load 1, 0, 0;
    %assign/v0/x1 v0x7c61250_0, 0, 2;
    %jmp T_4.76;
T_4.49 ;
    %movi 8, 5, 4;
    %ix/load 0, 4, 0;
    %ix/load 1, 12, 0;
    %assign/v0/x1 v0x7c61250_0, 0, 8;
    %movi 8, 4, 5;
    %ix/load 0, 4, 0;
    %ix/load 1, 8, 0;
    %assign/v0/x1 v0x7c61250_0, 0, 8;
    %movi 8, 4, 5;
    %ix/load 0, 4, 0;
    %ix/load 1, 4, 0;
    %assign/v0/x1 v0x7c61250_0, 0, 8;
    %ix/load 0, 4, 0;
    %ix/load 1, 0, 0;
    %assign/v0/x1 v0x7c61250_0, 0, 2;
    %jmp T_4.76;
T_4.50 ;
    %movi 8, 5, 4;
    %ix/load 0, 4, 0;
    %ix/load 1, 12, 0;
    %assign/v0/x1 v0x7c61250_0, 0, 8;
    %movi 8, 5, 5;
    %ix/load 0, 4, 0;
    %ix/load 1, 8, 0;
    %assign/v0/x1 v0x7c61250_0, 0, 8;
    %movi 8, 5, 5;
    %ix/load 0, 4, 0;
    %ix/load 1, 4, 0;
    %assign/v0/x1 v0x7c61250_0, 0, 8;
    %ix/load 0, 4, 0;
    %ix/load 1, 0, 0;
    %assign/v0/x1 v0x7c61250_0, 0, 2;
    %jmp T_4.76;
T_4.51 ;
    %movi 8, 11, 4;
    %ix/load 0, 4, 0;
    %ix/load 1, 12, 0;
    %assign/v0/x1 v0x7c61250_0, 0, 8;
    %ix/load 0, 4, 0;
    %ix/load 1, 8, 0;
    %assign/v0/x1 v0x7c61250_0, 0, 2;
    %movi 8, 60, 8;
    %ix/load 0, 8, 0;
    %ix/load 1, 0, 0;
    %assign/v0/x1 v0x7c61250_0, 0, 8;
    %jmp T_4.76;
T_4.52 ;
    %movi 8, 6, 4;
    %ix/load 0, 4, 0;
    %ix/load 1, 12, 0;
    %assign/v0/x1 v0x7c61250_0, 0, 8;
    %movi 8, 3, 5;
    %ix/load 0, 4, 0;
    %ix/load 1, 8, 0;
    %assign/v0/x1 v0x7c61250_0, 0, 8;
    %movi 8, 3, 5;
    %ix/load 0, 4, 0;
    %ix/load 1, 4, 0;
    %assign/v0/x1 v0x7c61250_0, 0, 8;
    %ix/load 0, 4, 0;
    %ix/load 1, 0, 0;
    %assign/v0/x1 v0x7c61250_0, 0, 2;
    %jmp T_4.76;
T_4.53 ;
    %movi 8, 6, 4;
    %ix/load 0, 4, 0;
    %ix/load 1, 12, 0;
    %assign/v0/x1 v0x7c61250_0, 0, 8;
    %movi 8, 4, 5;
    %ix/load 0, 4, 0;
    %ix/load 1, 8, 0;
    %assign/v0/x1 v0x7c61250_0, 0, 8;
    %movi 8, 4, 5;
    %ix/load 0, 4, 0;
    %ix/load 1, 4, 0;
    %assign/v0/x1 v0x7c61250_0, 0, 8;
    %ix/load 0, 4, 0;
    %ix/load 1, 0, 0;
    %assign/v0/x1 v0x7c61250_0, 0, 2;
    %jmp T_4.76;
T_4.54 ;
    %movi 8, 6, 4;
    %ix/load 0, 4, 0;
    %ix/load 1, 12, 0;
    %assign/v0/x1 v0x7c61250_0, 0, 8;
    %movi 8, 5, 5;
    %ix/load 0, 4, 0;
    %ix/load 1, 8, 0;
    %assign/v0/x1 v0x7c61250_0, 0, 8;
    %movi 8, 5, 5;
    %ix/load 0, 4, 0;
    %ix/load 1, 4, 0;
    %assign/v0/x1 v0x7c61250_0, 0, 8;
    %ix/load 0, 4, 0;
    %ix/load 1, 0, 0;
    %assign/v0/x1 v0x7c61250_0, 0, 2;
    %jmp T_4.76;
T_4.55 ;
    %movi 8, 11, 4;
    %ix/load 0, 4, 0;
    %ix/load 1, 12, 0;
    %assign/v0/x1 v0x7c61250_0, 0, 8;
    %ix/load 0, 4, 0;
    %ix/load 1, 8, 0;
    %assign/v0/x1 v0x7c61250_0, 0, 2;
    %movi 8, 60, 8;
    %ix/load 0, 8, 0;
    %ix/load 1, 0, 0;
    %assign/v0/x1 v0x7c61250_0, 0, 8;
    %jmp T_4.76;
T_4.56 ;
    %movi 8, 7, 4;
    %ix/load 0, 4, 0;
    %ix/load 1, 12, 0;
    %assign/v0/x1 v0x7c61250_0, 0, 8;
    %movi 8, 3, 5;
    %ix/load 0, 4, 0;
    %ix/load 1, 8, 0;
    %assign/v0/x1 v0x7c61250_0, 0, 8;
    %movi 8, 3, 5;
    %ix/load 0, 4, 0;
    %ix/load 1, 4, 0;
    %assign/v0/x1 v0x7c61250_0, 0, 8;
    %ix/load 0, 4, 0;
    %ix/load 1, 0, 0;
    %assign/v0/x1 v0x7c61250_0, 0, 2;
    %jmp T_4.76;
T_4.57 ;
    %movi 8, 7, 4;
    %ix/load 0, 4, 0;
    %ix/load 1, 12, 0;
    %assign/v0/x1 v0x7c61250_0, 0, 8;
    %movi 8, 4, 5;
    %ix/load 0, 4, 0;
    %ix/load 1, 8, 0;
    %assign/v0/x1 v0x7c61250_0, 0, 8;
    %movi 8, 4, 5;
    %ix/load 0, 4, 0;
    %ix/load 1, 4, 0;
    %assign/v0/x1 v0x7c61250_0, 0, 8;
    %ix/load 0, 4, 0;
    %ix/load 1, 0, 0;
    %assign/v0/x1 v0x7c61250_0, 0, 2;
    %jmp T_4.76;
T_4.58 ;
    %movi 8, 7, 4;
    %ix/load 0, 4, 0;
    %ix/load 1, 12, 0;
    %assign/v0/x1 v0x7c61250_0, 0, 8;
    %movi 8, 5, 5;
    %ix/load 0, 4, 0;
    %ix/load 1, 8, 0;
    %assign/v0/x1 v0x7c61250_0, 0, 8;
    %movi 8, 5, 5;
    %ix/load 0, 4, 0;
    %ix/load 1, 4, 0;
    %assign/v0/x1 v0x7c61250_0, 0, 8;
    %ix/load 0, 4, 0;
    %ix/load 1, 0, 0;
    %assign/v0/x1 v0x7c61250_0, 0, 2;
    %jmp T_4.76;
T_4.59 ;
    %movi 8, 11, 4;
    %ix/load 0, 4, 0;
    %ix/load 1, 12, 0;
    %assign/v0/x1 v0x7c61250_0, 0, 8;
    %ix/load 0, 4, 0;
    %ix/load 1, 8, 0;
    %assign/v0/x1 v0x7c61250_0, 0, 2;
    %movi 8, 60, 8;
    %ix/load 0, 8, 0;
    %ix/load 1, 0, 0;
    %assign/v0/x1 v0x7c61250_0, 0, 8;
    %jmp T_4.76;
T_4.60 ;
    %ix/load 0, 4, 0;
    %ix/load 1, 12, 0;
    %assign/v0/x1 v0x7c61250_0, 0, 1;
    %ix/load 0, 4, 0;
    %ix/load 1, 8, 0;
    %assign/v0/x1 v0x7c61250_0, 0, 2;
    %movi 8, 3, 5;
    %ix/load 0, 4, 0;
    %ix/load 1, 4, 0;
    %assign/v0/x1 v0x7c61250_0, 0, 8;
    %movi 8, 9, 5;
    %ix/load 0, 4, 0;
    %ix/load 1, 0, 0;
    %assign/v0/x1 v0x7c61250_0, 0, 8;
    %jmp T_4.76;
T_4.61 ;
    %movi 8, 10, 4;
    %ix/load 0, 4, 0;
    %ix/load 1, 12, 0;
    %assign/v0/x1 v0x7c61250_0, 0, 8;
    %ix/load 0, 4, 0;
    %ix/load 1, 8, 0;
    %assign/v0/x1 v0x7c61250_0, 0, 2;
    %movi 8, 63, 8;
    %ix/load 0, 8, 0;
    %ix/load 1, 0, 0;
    %assign/v0/x1 v0x7c61250_0, 0, 8;
    %jmp T_4.76;
T_4.62 ;
    %movi 8, 11, 4;
    %ix/load 0, 4, 0;
    %ix/load 1, 12, 0;
    %assign/v0/x1 v0x7c61250_0, 0, 8;
    %ix/load 0, 4, 0;
    %ix/load 1, 8, 0;
    %assign/v0/x1 v0x7c61250_0, 0, 2;
    %movi 8, 4, 8;
    %ix/load 0, 8, 0;
    %ix/load 1, 0, 0;
    %assign/v0/x1 v0x7c61250_0, 0, 8;
    %jmp T_4.76;
T_4.63 ;
    %ix/load 0, 4, 0;
    %ix/load 1, 12, 0;
    %assign/v0/x1 v0x7c61250_0, 0, 1;
    %ix/load 0, 4, 0;
    %ix/load 1, 8, 0;
    %assign/v0/x1 v0x7c61250_0, 0, 2;
    %movi 8, 4, 5;
    %ix/load 0, 4, 0;
    %ix/load 1, 4, 0;
    %assign/v0/x1 v0x7c61250_0, 0, 8;
    %movi 8, 10, 5;
    %ix/load 0, 4, 0;
    %ix/load 1, 0, 0;
    %assign/v0/x1 v0x7c61250_0, 0, 8;
    %jmp T_4.76;
T_4.64 ;
    %movi 8, 10, 4;
    %ix/load 0, 4, 0;
    %ix/load 1, 12, 0;
    %assign/v0/x1 v0x7c61250_0, 0, 8;
    %ix/load 0, 4, 0;
    %ix/load 1, 8, 0;
    %assign/v0/x1 v0x7c61250_0, 0, 2;
    %movi 8, 66, 8;
    %ix/load 0, 8, 0;
    %ix/load 1, 0, 0;
    %assign/v0/x1 v0x7c61250_0, 0, 8;
    %jmp T_4.76;
T_4.65 ;
    %movi 8, 11, 4;
    %ix/load 0, 4, 0;
    %ix/load 1, 12, 0;
    %assign/v0/x1 v0x7c61250_0, 0, 8;
    %ix/load 0, 4, 0;
    %ix/load 1, 8, 0;
    %assign/v0/x1 v0x7c61250_0, 0, 2;
    %movi 8, 4, 8;
    %ix/load 0, 8, 0;
    %ix/load 1, 0, 0;
    %assign/v0/x1 v0x7c61250_0, 0, 8;
    %jmp T_4.76;
T_4.66 ;
    %ix/load 0, 4, 0;
    %ix/load 1, 12, 0;
    %assign/v0/x1 v0x7c61250_0, 0, 1;
    %ix/load 0, 4, 0;
    %ix/load 1, 8, 0;
    %assign/v0/x1 v0x7c61250_0, 0, 2;
    %movi 8, 5, 5;
    %ix/load 0, 4, 0;
    %ix/load 1, 4, 0;
    %assign/v0/x1 v0x7c61250_0, 0, 8;
    %movi 8, 11, 5;
    %ix/load 0, 4, 0;
    %ix/load 1, 0, 0;
    %assign/v0/x1 v0x7c61250_0, 0, 8;
    %jmp T_4.76;
T_4.67 ;
    %movi 8, 10, 4;
    %ix/load 0, 4, 0;
    %ix/load 1, 12, 0;
    %assign/v0/x1 v0x7c61250_0, 0, 8;
    %ix/load 0, 4, 0;
    %ix/load 1, 8, 0;
    %assign/v0/x1 v0x7c61250_0, 0, 2;
    %movi 8, 69, 8;
    %ix/load 0, 8, 0;
    %ix/load 1, 0, 0;
    %assign/v0/x1 v0x7c61250_0, 0, 8;
    %jmp T_4.76;
T_4.68 ;
    %movi 8, 11, 4;
    %ix/load 0, 4, 0;
    %ix/load 1, 12, 0;
    %assign/v0/x1 v0x7c61250_0, 0, 8;
    %ix/load 0, 4, 0;
    %ix/load 1, 8, 0;
    %assign/v0/x1 v0x7c61250_0, 0, 2;
    %movi 8, 4, 8;
    %ix/load 0, 8, 0;
    %ix/load 1, 0, 0;
    %assign/v0/x1 v0x7c61250_0, 0, 8;
    %jmp T_4.76;
T_4.69 ;
    %movi 8, 14, 4;
    %ix/load 0, 4, 0;
    %ix/load 1, 12, 0;
    %assign/v0/x1 v0x7c61250_0, 0, 8;
    %ix/load 0, 4, 0;
    %ix/load 1, 8, 0;
    %assign/v0/x1 v0x7c61250_0, 0, 0;
    %movi 8, 3, 5;
    %ix/load 0, 4, 0;
    %ix/load 1, 4, 0;
    %assign/v0/x1 v0x7c61250_0, 0, 8;
    %ix/load 0, 4, 0;
    %ix/load 1, 0, 0;
    %assign/v0/x1 v0x7c61250_0, 0, 2;
    %jmp T_4.76;
T_4.70 ;
    %movi 8, 14, 4;
    %ix/load 0, 4, 0;
    %ix/load 1, 12, 0;
    %assign/v0/x1 v0x7c61250_0, 0, 8;
    %movi 8, 1, 5;
    %ix/load 0, 4, 0;
    %ix/load 1, 8, 0;
    %assign/v0/x1 v0x7c61250_0, 0, 8;
    %movi 8, 4, 5;
    %ix/load 0, 4, 0;
    %ix/load 1, 4, 0;
    %assign/v0/x1 v0x7c61250_0, 0, 8;
    %ix/load 0, 4, 0;
    %ix/load 1, 0, 0;
    %assign/v0/x1 v0x7c61250_0, 0, 2;
    %jmp T_4.76;
T_4.71 ;
    %movi 8, 14, 4;
    %ix/load 0, 4, 0;
    %ix/load 1, 12, 0;
    %assign/v0/x1 v0x7c61250_0, 0, 8;
    %movi 8, 2, 5;
    %ix/load 0, 4, 0;
    %ix/load 1, 8, 0;
    %assign/v0/x1 v0x7c61250_0, 0, 8;
    %movi 8, 5, 5;
    %ix/load 0, 4, 0;
    %ix/load 1, 4, 0;
    %assign/v0/x1 v0x7c61250_0, 0, 8;
    %ix/load 0, 4, 0;
    %ix/load 1, 0, 0;
    %assign/v0/x1 v0x7c61250_0, 0, 2;
    %jmp T_4.76;
T_4.72 ;
    %movi 8, 9, 4;
    %ix/load 0, 4, 0;
    %ix/load 1, 12, 0;
    %assign/v0/x1 v0x7c61250_0, 0, 8;
    %ix/load 0, 4, 0;
    %ix/load 1, 8, 0;
    %assign/v0/x1 v0x7c61250_0, 0, 0;
    %ix/load 0, 4, 0;
    %ix/load 1, 4, 0;
    %assign/v0/x1 v0x7c61250_0, 0, 0;
    %ix/load 0, 4, 0;
    %ix/load 1, 0, 0;
    %assign/v0/x1 v0x7c61250_0, 0, 2;
    %jmp T_4.76;
T_4.73 ;
    %movi 8, 9, 4;
    %ix/load 0, 4, 0;
    %ix/load 1, 12, 0;
    %assign/v0/x1 v0x7c61250_0, 0, 8;
    %movi 8, 1, 5;
    %ix/load 0, 4, 0;
    %ix/load 1, 8, 0;
    %assign/v0/x1 v0x7c61250_0, 0, 8;
    %movi 8, 1, 4;
    %ix/load 0, 4, 0;
    %ix/load 1, 4, 0;
    %assign/v0/x1 v0x7c61250_0, 0, 8;
    %ix/load 0, 4, 0;
    %ix/load 1, 0, 0;
    %assign/v0/x1 v0x7c61250_0, 0, 2;
    %jmp T_4.76;
T_4.74 ;
    %movi 8, 9, 4;
    %ix/load 0, 4, 0;
    %ix/load 1, 12, 0;
    %assign/v0/x1 v0x7c61250_0, 0, 8;
    %movi 8, 2, 5;
    %ix/load 0, 4, 0;
    %ix/load 1, 8, 0;
    %assign/v0/x1 v0x7c61250_0, 0, 8;
    %movi 8, 2, 4;
    %ix/load 0, 4, 0;
    %ix/load 1, 4, 0;
    %assign/v0/x1 v0x7c61250_0, 0, 8;
    %ix/load 0, 4, 0;
    %ix/load 1, 0, 0;
    %assign/v0/x1 v0x7c61250_0, 0, 2;
    %jmp T_4.76;
T_4.75 ;
    %movi 8, 11, 4;
    %ix/load 0, 4, 0;
    %ix/load 1, 12, 0;
    %assign/v0/x1 v0x7c61250_0, 0, 8;
    %ix/load 0, 4, 0;
    %ix/load 1, 8, 0;
    %assign/v0/x1 v0x7c61250_0, 0, 2;
    %movi 8, 75, 8;
    %ix/load 0, 8, 0;
    %ix/load 1, 0, 0;
    %assign/v0/x1 v0x7c61250_0, 0, 8;
    %jmp T_4.76;
T_4.76 ;
    %jmp T_4;
    .thread T_4, $push;
    .scope S_0x7c5ea10;
T_5 ;
    %wait E_0x7c5e320;
    %load/v 8, v0x7c5ebe0_0, 1;
    %inv 8, 1;
    %jmp/0xz  T_5.0, 8;
    %ix/load 0, 1, 0;
    %assign/v0 v0x7c5ed20_0, 0, 0;
    %jmp T_5.1;
T_5.0 ;
    %load/v 8, v0x7c5ec80_0, 1;
    %ix/load 0, 1, 0;
    %assign/v0 v0x7c5ed20_0, 0, 8;
T_5.1 ;
    %jmp T_5;
    .thread T_5;
    .scope S_0x7c084e0;
T_6 ;
    %wait E_0x7c0acf0;
    %ix/load 1, 12, 0;
    %mov 4, 0, 1;
    %jmp/1 T_6.0, 4;
    %load/x1p 8, v0x7c5e350_0, 4;
    %jmp T_6.1;
T_6.0 ;
    %mov 8, 2, 4;
T_6.1 ;
; Save base=8 wid=4 in lookaside.
    %cmpi/u 8, 0, 4;
    %jmp/1 T_6.2, 6;
    %cmpi/u 8, 1, 4;
    %jmp/1 T_6.3, 6;
    %cmpi/u 8, 2, 4;
    %jmp/1 T_6.4, 6;
    %cmpi/u 8, 3, 4;
    %jmp/1 T_6.5, 6;
    %cmpi/u 8, 4, 4;
    %jmp/1 T_6.6, 6;
    %cmpi/u 8, 5, 4;
    %jmp/1 T_6.7, 6;
    %cmpi/u 8, 6, 4;
    %jmp/1 T_6.8, 6;
    %cmpi/u 8, 7, 4;
    %jmp/1 T_6.9, 6;
    %cmpi/u 8, 12, 4;
    %jmp/1 T_6.10, 6;
    %cmpi/u 8, 13, 4;
    %jmp/1 T_6.11, 6;
    %cmpi/u 8, 8, 4;
    %jmp/1 T_6.12, 6;
    %cmpi/u 8, 15, 4;
    %jmp/1 T_6.13, 6;
    %cmpi/u 8, 14, 4;
    %jmp/1 T_6.14, 6;
    %cmpi/u 8, 11, 4;
    %jmp/1 T_6.15, 6;
    %cmpi/u 8, 10, 4;
    %jmp/1 T_6.16, 6;
    %cmpi/u 8, 9, 4;
    %jmp/1 T_6.17, 6;
    %ix/load 0, 1, 0;
    %assign/v0 v0x7c5e4d0_0, 0, 0;
    %jmp T_6.19;
T_6.2 ;
    %ix/load 1, 12, 0;
    %mov 4, 0, 1;
    %jmp/1 T_6.20, 4;
    %load/x1p 8, v0x7c5e350_0, 4;
    %jmp T_6.21;
T_6.20 ;
    %mov 8, 2, 4;
T_6.21 ;
; Save base=8 wid=4 in lookaside.
    %ix/load 0, 4, 0;
    %assign/v0 v0x7ba1b90_0, 0, 8;
    %ix/load 1, 8, 0;
    %mov 4, 0, 1;
    %jmp/1 T_6.22, 4;
    %load/x1p 8, v0x7c5e350_0, 4;
    %jmp T_6.23;
T_6.22 ;
    %mov 8, 2, 4;
T_6.23 ;
; Save base=8 wid=4 in lookaside.
    %ix/load 0, 4, 0;
    %assign/v0 v0x7c5e200_0, 0, 8;
    %ix/load 1, 4, 0;
    %mov 4, 0, 1;
    %jmp/1 T_6.24, 4;
    %load/x1p 8, v0x7c5e350_0, 4;
    %jmp T_6.25;
T_6.24 ;
    %mov 8, 2, 4;
T_6.25 ;
; Save base=8 wid=4 in lookaside.
    %ix/load 0, 4, 0;
    %assign/v0 v0x7c5e8a0_0, 0, 8;
    %ix/load 0, 4, 0;
    %assign/v0 v0x7c5e800_0, 0, 0;
    %ix/load 0, 8, 0;
    %assign/v0 v0x7c5e3f0_0, 0, 0;
    %ix/load 0, 1, 0;
    %assign/v0 v0x7c5e4d0_0, 0, 0;
    %ix/load 0, 1, 0;
    %assign/v0 v0x7c5e570_0, 0, 1;
    %ix/load 0, 1, 0;
    %assign/v0 v0x7c5e660_0, 0, 1;
    %ix/load 0, 1, 0;
    %assign/v0 v0x7c5e700_0, 0, 0;
    %ix/load 0, 24, 0;
    %assign/v0 v0x7c5e160_0, 0, 0;
    %ix/load 0, 1, 0;
    %assign/v0 v0x7c5e2a0_0, 0, 0;
    %jmp T_6.19;
T_6.3 ;
    %ix/load 1, 12, 0;
    %mov 4, 0, 1;
    %jmp/1 T_6.26, 4;
    %load/x1p 8, v0x7c5e350_0, 4;
    %jmp T_6.27;
T_6.26 ;
    %mov 8, 2, 4;
T_6.27 ;
; Save base=8 wid=4 in lookaside.
    %ix/load 0, 4, 0;
    %assign/v0 v0x7ba1b90_0, 0, 8;
    %ix/load 1, 8, 0;
    %mov 4, 0, 1;
    %jmp/1 T_6.28, 4;
    %load/x1p 8, v0x7c5e350_0, 4;
    %jmp T_6.29;
T_6.28 ;
    %mov 8, 2, 4;
T_6.29 ;
; Save base=8 wid=4 in lookaside.
    %ix/load 0, 4, 0;
    %assign/v0 v0x7c5e200_0, 0, 8;
    %ix/load 1, 4, 0;
    %mov 4, 0, 1;
    %jmp/1 T_6.30, 4;
    %load/x1p 8, v0x7c5e350_0, 4;
    %jmp T_6.31;
T_6.30 ;
    %mov 8, 2, 4;
T_6.31 ;
; Save base=8 wid=4 in lookaside.
    %ix/load 0, 4, 0;
    %assign/v0 v0x7c5e8a0_0, 0, 8;
    %ix/load 0, 4, 0;
    %assign/v0 v0x7c5e800_0, 0, 0;
    %ix/load 0, 8, 0;
    %assign/v0 v0x7c5e3f0_0, 0, 0;
    %ix/load 0, 1, 0;
    %assign/v0 v0x7c5e4d0_0, 0, 0;
    %ix/load 0, 1, 0;
    %assign/v0 v0x7c5e570_0, 0, 1;
    %ix/load 0, 1, 0;
    %assign/v0 v0x7c5e660_0, 0, 0;
    %ix/load 0, 1, 0;
    %assign/v0 v0x7c5e700_0, 0, 0;
    %ix/load 0, 24, 0;
    %assign/v0 v0x7c5e160_0, 0, 0;
    %ix/load 0, 1, 0;
    %assign/v0 v0x7c5e2a0_0, 0, 0;
    %jmp T_6.19;
T_6.4 ;
    %ix/load 1, 12, 0;
    %mov 4, 0, 1;
    %jmp/1 T_6.32, 4;
    %load/x1p 8, v0x7c5e350_0, 4;
    %jmp T_6.33;
T_6.32 ;
    %mov 8, 2, 4;
T_6.33 ;
; Save base=8 wid=4 in lookaside.
    %ix/load 0, 4, 0;
    %assign/v0 v0x7ba1b90_0, 0, 8;
    %ix/load 1, 8, 0;
    %mov 4, 0, 1;
    %jmp/1 T_6.34, 4;
    %load/x1p 8, v0x7c5e350_0, 4;
    %jmp T_6.35;
T_6.34 ;
    %mov 8, 2, 4;
T_6.35 ;
; Save base=8 wid=4 in lookaside.
    %ix/load 0, 4, 0;
    %assign/v0 v0x7c5e200_0, 0, 8;
    %ix/load 1, 4, 0;
    %mov 4, 0, 1;
    %jmp/1 T_6.36, 4;
    %load/x1p 8, v0x7c5e350_0, 4;
    %jmp T_6.37;
T_6.36 ;
    %mov 8, 2, 4;
T_6.37 ;
; Save base=8 wid=4 in lookaside.
    %ix/load 0, 4, 0;
    %assign/v0 v0x7c5e8a0_0, 0, 8;
    %ix/load 0, 4, 0;
    %assign/v0 v0x7c5e800_0, 0, 0;
    %ix/load 0, 8, 0;
    %assign/v0 v0x7c5e3f0_0, 0, 0;
    %ix/load 0, 1, 0;
    %assign/v0 v0x7c5e4d0_0, 0, 0;
    %ix/load 0, 1, 0;
    %assign/v0 v0x7c5e570_0, 0, 1;
    %ix/load 0, 1, 0;
    %assign/v0 v0x7c5e660_0, 0, 0;
    %ix/load 0, 1, 0;
    %assign/v0 v0x7c5e700_0, 0, 0;
    %ix/load 0, 24, 0;
    %assign/v0 v0x7c5e160_0, 0, 0;
    %ix/load 0, 1, 0;
    %assign/v0 v0x7c5e2a0_0, 0, 0;
    %jmp T_6.19;
T_6.5 ;
    %ix/load 1, 12, 0;
    %mov 4, 0, 1;
    %jmp/1 T_6.38, 4;
    %load/x1p 8, v0x7c5e350_0, 4;
    %jmp T_6.39;
T_6.38 ;
    %mov 8, 2, 4;
T_6.39 ;
; Save base=8 wid=4 in lookaside.
    %ix/load 0, 4, 0;
    %assign/v0 v0x7ba1b90_0, 0, 8;
    %ix/load 1, 8, 0;
    %mov 4, 0, 1;
    %jmp/1 T_6.40, 4;
    %load/x1p 8, v0x7c5e350_0, 4;
    %jmp T_6.41;
T_6.40 ;
    %mov 8, 2, 4;
T_6.41 ;
; Save base=8 wid=4 in lookaside.
    %ix/load 0, 4, 0;
    %assign/v0 v0x7c5e200_0, 0, 8;
    %ix/load 1, 4, 0;
    %mov 4, 0, 1;
    %jmp/1 T_6.42, 4;
    %load/x1p 8, v0x7c5e350_0, 4;
    %jmp T_6.43;
T_6.42 ;
    %mov 8, 2, 4;
T_6.43 ;
; Save base=8 wid=4 in lookaside.
    %ix/load 0, 4, 0;
    %assign/v0 v0x7c5e8a0_0, 0, 8;
    %ix/load 0, 4, 0;
    %assign/v0 v0x7c5e800_0, 0, 0;
    %ix/load 0, 8, 0;
    %assign/v0 v0x7c5e3f0_0, 0, 0;
    %ix/load 0, 1, 0;
    %assign/v0 v0x7c5e4d0_0, 0, 0;
    %ix/load 0, 1, 0;
    %assign/v0 v0x7c5e570_0, 0, 1;
    %ix/load 0, 1, 0;
    %assign/v0 v0x7c5e660_0, 0, 1;
    %ix/load 0, 1, 0;
    %assign/v0 v0x7c5e700_0, 0, 0;
    %ix/load 0, 24, 0;
    %assign/v0 v0x7c5e160_0, 0, 0;
    %ix/load 0, 1, 0;
    %assign/v0 v0x7c5e2a0_0, 0, 0;
    %jmp T_6.19;
T_6.6 ;
    %ix/load 1, 12, 0;
    %mov 4, 0, 1;
    %jmp/1 T_6.44, 4;
    %load/x1p 8, v0x7c5e350_0, 4;
    %jmp T_6.45;
T_6.44 ;
    %mov 8, 2, 4;
T_6.45 ;
; Save base=8 wid=4 in lookaside.
    %ix/load 0, 4, 0;
    %assign/v0 v0x7ba1b90_0, 0, 8;
    %ix/load 1, 8, 0;
    %mov 4, 0, 1;
    %jmp/1 T_6.46, 4;
    %load/x1p 8, v0x7c5e350_0, 4;
    %jmp T_6.47;
T_6.46 ;
    %mov 8, 2, 4;
T_6.47 ;
; Save base=8 wid=4 in lookaside.
    %ix/load 0, 4, 0;
    %assign/v0 v0x7c5e200_0, 0, 8;
    %ix/load 1, 4, 0;
    %mov 4, 0, 1;
    %jmp/1 T_6.48, 4;
    %load/x1p 8, v0x7c5e350_0, 4;
    %jmp T_6.49;
T_6.48 ;
    %mov 8, 2, 4;
T_6.49 ;
; Save base=8 wid=4 in lookaside.
    %ix/load 0, 4, 0;
    %assign/v0 v0x7c5e8a0_0, 0, 8;
    %ix/load 0, 4, 0;
    %assign/v0 v0x7c5e800_0, 0, 0;
    %ix/load 0, 8, 0;
    %assign/v0 v0x7c5e3f0_0, 0, 0;
    %ix/load 0, 1, 0;
    %assign/v0 v0x7c5e4d0_0, 0, 0;
    %ix/load 0, 1, 0;
    %assign/v0 v0x7c5e570_0, 0, 1;
    %ix/load 0, 1, 0;
    %assign/v0 v0x7c5e660_0, 0, 1;
    %ix/load 0, 1, 0;
    %assign/v0 v0x7c5e700_0, 0, 0;
    %ix/load 0, 24, 0;
    %assign/v0 v0x7c5e160_0, 0, 0;
    %ix/load 0, 1, 0;
    %assign/v0 v0x7c5e2a0_0, 0, 0;
    %jmp T_6.19;
T_6.7 ;
    %ix/load 1, 12, 0;
    %mov 4, 0, 1;
    %jmp/1 T_6.50, 4;
    %load/x1p 8, v0x7c5e350_0, 4;
    %jmp T_6.51;
T_6.50 ;
    %mov 8, 2, 4;
T_6.51 ;
; Save base=8 wid=4 in lookaside.
    %ix/load 0, 4, 0;
    %assign/v0 v0x7ba1b90_0, 0, 8;
    %ix/load 1, 8, 0;
    %mov 4, 0, 1;
    %jmp/1 T_6.52, 4;
    %load/x1p 8, v0x7c5e350_0, 4;
    %jmp T_6.53;
T_6.52 ;
    %mov 8, 2, 4;
T_6.53 ;
; Save base=8 wid=4 in lookaside.
    %ix/load 0, 4, 0;
    %assign/v0 v0x7c5e200_0, 0, 8;
    %ix/load 1, 4, 0;
    %mov 4, 0, 1;
    %jmp/1 T_6.54, 4;
    %load/x1p 8, v0x7c5e350_0, 4;
    %jmp T_6.55;
T_6.54 ;
    %mov 8, 2, 4;
T_6.55 ;
; Save base=8 wid=4 in lookaside.
    %ix/load 0, 4, 0;
    %assign/v0 v0x7c5e8a0_0, 0, 8;
    %ix/load 0, 4, 0;
    %assign/v0 v0x7c5e800_0, 0, 0;
    %ix/load 0, 8, 0;
    %assign/v0 v0x7c5e3f0_0, 0, 0;
    %ix/load 0, 1, 0;
    %assign/v0 v0x7c5e4d0_0, 0, 0;
    %ix/load 0, 1, 0;
    %assign/v0 v0x7c5e570_0, 0, 1;
    %ix/load 0, 1, 0;
    %assign/v0 v0x7c5e660_0, 0, 1;
    %ix/load 0, 1, 0;
    %assign/v0 v0x7c5e700_0, 0, 0;
    %ix/load 0, 24, 0;
    %assign/v0 v0x7c5e160_0, 0, 0;
    %ix/load 0, 1, 0;
    %assign/v0 v0x7c5e2a0_0, 0, 0;
    %jmp T_6.19;
T_6.8 ;
    %ix/load 1, 12, 0;
    %mov 4, 0, 1;
    %jmp/1 T_6.56, 4;
    %load/x1p 8, v0x7c5e350_0, 4;
    %jmp T_6.57;
T_6.56 ;
    %mov 8, 2, 4;
T_6.57 ;
; Save base=8 wid=4 in lookaside.
    %ix/load 0, 4, 0;
    %assign/v0 v0x7ba1b90_0, 0, 8;
    %ix/load 1, 8, 0;
    %mov 4, 0, 1;
    %jmp/1 T_6.58, 4;
    %load/x1p 8, v0x7c5e350_0, 4;
    %jmp T_6.59;
T_6.58 ;
    %mov 8, 2, 4;
T_6.59 ;
; Save base=8 wid=4 in lookaside.
    %ix/load 0, 4, 0;
    %assign/v0 v0x7c5e200_0, 0, 8;
    %ix/load 1, 4, 0;
    %mov 4, 0, 1;
    %jmp/1 T_6.60, 4;
    %load/x1p 8, v0x7c5e350_0, 4;
    %jmp T_6.61;
T_6.60 ;
    %mov 8, 2, 4;
T_6.61 ;
; Save base=8 wid=4 in lookaside.
    %ix/load 0, 4, 0;
    %assign/v0 v0x7c5e8a0_0, 0, 8;
    %ix/load 0, 4, 0;
    %assign/v0 v0x7c5e800_0, 0, 0;
    %ix/load 0, 8, 0;
    %assign/v0 v0x7c5e3f0_0, 0, 0;
    %ix/load 0, 1, 0;
    %assign/v0 v0x7c5e4d0_0, 0, 0;
    %ix/load 0, 1, 0;
    %assign/v0 v0x7c5e570_0, 0, 1;
    %ix/load 0, 1, 0;
    %assign/v0 v0x7c5e660_0, 0, 1;
    %ix/load 0, 1, 0;
    %assign/v0 v0x7c5e700_0, 0, 0;
    %ix/load 0, 24, 0;
    %assign/v0 v0x7c5e160_0, 0, 0;
    %ix/load 0, 1, 0;
    %assign/v0 v0x7c5e2a0_0, 0, 0;
    %jmp T_6.19;
T_6.9 ;
    %ix/load 1, 12, 0;
    %mov 4, 0, 1;
    %jmp/1 T_6.62, 4;
    %load/x1p 8, v0x7c5e350_0, 4;
    %jmp T_6.63;
T_6.62 ;
    %mov 8, 2, 4;
T_6.63 ;
; Save base=8 wid=4 in lookaside.
    %ix/load 0, 4, 0;
    %assign/v0 v0x7ba1b90_0, 0, 8;
    %ix/load 1, 8, 0;
    %mov 4, 0, 1;
    %jmp/1 T_6.64, 4;
    %load/x1p 8, v0x7c5e350_0, 4;
    %jmp T_6.65;
T_6.64 ;
    %mov 8, 2, 4;
T_6.65 ;
; Save base=8 wid=4 in lookaside.
    %ix/load 0, 4, 0;
    %assign/v0 v0x7c5e200_0, 0, 8;
    %ix/load 1, 4, 0;
    %mov 4, 0, 1;
    %jmp/1 T_6.66, 4;
    %load/x1p 8, v0x7c5e350_0, 4;
    %jmp T_6.67;
T_6.66 ;
    %mov 8, 2, 4;
T_6.67 ;
; Save base=8 wid=4 in lookaside.
    %ix/load 0, 4, 0;
    %assign/v0 v0x7c5e8a0_0, 0, 8;
    %ix/load 0, 4, 0;
    %assign/v0 v0x7c5e800_0, 0, 0;
    %ix/load 0, 8, 0;
    %assign/v0 v0x7c5e3f0_0, 0, 0;
    %ix/load 0, 1, 0;
    %assign/v0 v0x7c5e4d0_0, 0, 0;
    %ix/load 0, 1, 0;
    %assign/v0 v0x7c5e570_0, 0, 1;
    %ix/load 0, 1, 0;
    %assign/v0 v0x7c5e660_0, 0, 1;
    %ix/load 0, 1, 0;
    %assign/v0 v0x7c5e700_0, 0, 0;
    %ix/load 0, 24, 0;
    %assign/v0 v0x7c5e160_0, 0, 0;
    %ix/load 0, 1, 0;
    %assign/v0 v0x7c5e2a0_0, 0, 0;
    %jmp T_6.19;
T_6.10 ;
    %ix/load 1, 12, 0;
    %mov 4, 0, 1;
    %jmp/1 T_6.68, 4;
    %load/x1p 8, v0x7c5e350_0, 4;
    %jmp T_6.69;
T_6.68 ;
    %mov 8, 2, 4;
T_6.69 ;
; Save base=8 wid=4 in lookaside.
    %ix/load 0, 4, 0;
    %assign/v0 v0x7ba1b90_0, 0, 8;
    %ix/load 1, 8, 0;
    %mov 4, 0, 1;
    %jmp/1 T_6.70, 4;
    %load/x1p 8, v0x7c5e350_0, 4;
    %jmp T_6.71;
T_6.70 ;
    %mov 8, 2, 4;
T_6.71 ;
; Save base=8 wid=4 in lookaside.
    %ix/load 0, 4, 0;
    %assign/v0 v0x7c5e200_0, 0, 8;
    %ix/load 1, 4, 0;
    %mov 4, 0, 1;
    %jmp/1 T_6.72, 4;
    %load/x1p 8, v0x7c5e350_0, 4;
    %jmp T_6.73;
T_6.72 ;
    %mov 8, 2, 4;
T_6.73 ;
; Save base=8 wid=4 in lookaside.
    %ix/load 0, 4, 0;
    %assign/v0 v0x7c5e8a0_0, 0, 8;
    %ix/load 0, 4, 0;
    %assign/v0 v0x7c5e800_0, 0, 0;
    %ix/load 0, 8, 0;
    %assign/v0 v0x7c5e3f0_0, 0, 0;
    %ix/load 0, 1, 0;
    %assign/v0 v0x7c5e4d0_0, 0, 0;
    %ix/load 0, 1, 0;
    %assign/v0 v0x7c5e570_0, 0, 1;
    %ix/load 0, 1, 0;
    %assign/v0 v0x7c5e660_0, 0, 0;
    %ix/load 0, 1, 0;
    %assign/v0 v0x7c5e700_0, 0, 0;
    %ix/load 0, 24, 0;
    %assign/v0 v0x7c5e160_0, 0, 0;
    %ix/load 0, 1, 0;
    %assign/v0 v0x7c5e2a0_0, 0, 0;
    %jmp T_6.19;
T_6.11 ;
    %ix/load 1, 12, 0;
    %mov 4, 0, 1;
    %jmp/1 T_6.74, 4;
    %load/x1p 8, v0x7c5e350_0, 4;
    %jmp T_6.75;
T_6.74 ;
    %mov 8, 2, 4;
T_6.75 ;
; Save base=8 wid=4 in lookaside.
    %ix/load 0, 4, 0;
    %assign/v0 v0x7ba1b90_0, 0, 8;
    %ix/load 1, 8, 0;
    %mov 4, 0, 1;
    %jmp/1 T_6.76, 4;
    %load/x1p 8, v0x7c5e350_0, 4;
    %jmp T_6.77;
T_6.76 ;
    %mov 8, 2, 4;
T_6.77 ;
; Save base=8 wid=4 in lookaside.
    %ix/load 0, 4, 0;
    %assign/v0 v0x7c5e200_0, 0, 8;
    %ix/load 1, 4, 0;
    %mov 4, 0, 1;
    %jmp/1 T_6.78, 4;
    %load/x1p 8, v0x7c5e350_0, 4;
    %jmp T_6.79;
T_6.78 ;
    %mov 8, 2, 4;
T_6.79 ;
; Save base=8 wid=4 in lookaside.
    %ix/load 0, 4, 0;
    %assign/v0 v0x7c5e8a0_0, 0, 8;
    %ix/load 0, 4, 0;
    %assign/v0 v0x7c5e800_0, 0, 0;
    %ix/load 0, 8, 0;
    %assign/v0 v0x7c5e3f0_0, 0, 0;
    %ix/load 0, 1, 0;
    %assign/v0 v0x7c5e4d0_0, 0, 0;
    %ix/load 0, 1, 0;
    %assign/v0 v0x7c5e570_0, 0, 1;
    %ix/load 0, 1, 0;
    %assign/v0 v0x7c5e660_0, 0, 0;
    %ix/load 0, 1, 0;
    %assign/v0 v0x7c5e700_0, 0, 0;
    %mov 8, 0, 20;
    %load/v 28, v0x7c5e350_0, 4; Select 4 out of 16 bits
    %ix/load 0, 24, 0;
    %assign/v0 v0x7c5e160_0, 0, 8;
    %ix/load 0, 1, 0;
    %assign/v0 v0x7c5e2a0_0, 0, 0;
    %jmp T_6.19;
T_6.12 ;
    %ix/load 1, 12, 0;
    %mov 4, 0, 1;
    %jmp/1 T_6.80, 4;
    %load/x1p 8, v0x7c5e350_0, 4;
    %jmp T_6.81;
T_6.80 ;
    %mov 8, 2, 4;
T_6.81 ;
; Save base=8 wid=4 in lookaside.
    %ix/load 0, 4, 0;
    %assign/v0 v0x7ba1b90_0, 0, 8;
    %ix/load 0, 4, 0;
    %assign/v0 v0x7c5e200_0, 0, 0;
    %ix/load 1, 8, 0;
    %mov 4, 0, 1;
    %jmp/1 T_6.82, 4;
    %load/x1p 8, v0x7c5e350_0, 4;
    %jmp T_6.83;
T_6.82 ;
    %mov 8, 2, 4;
T_6.83 ;
; Save base=8 wid=4 in lookaside.
    %ix/load 0, 4, 0;
    %assign/v0 v0x7c5e8a0_0, 0, 8;
    %ix/load 0, 4, 0;
    %assign/v0 v0x7c5e800_0, 0, 0;
    %ix/load 0, 8, 0;
    %assign/v0 v0x7c5e3f0_0, 0, 0;
    %load/v 8, v0x7c5e990_0, 1;
    %ix/load 0, 1, 0;
    %assign/v0 v0x7c5e4d0_0, 0, 8;
    %ix/load 0, 1, 0;
    %assign/v0 v0x7c5e570_0, 0, 0;
    %ix/load 0, 1, 0;
    %assign/v0 v0x7c5e660_0, 0, 0;
    %ix/load 0, 1, 0;
    %assign/v0 v0x7c5e700_0, 0, 0;
    %mov 8, 0, 16;
    %load/v 24, v0x7c5e350_0, 8; Select 8 out of 16 bits
    %ix/load 0, 24, 0;
    %assign/v0 v0x7c5e160_0, 0, 8;
    %ix/load 0, 1, 0;
    %assign/v0 v0x7c5e2a0_0, 0, 0;
    %jmp T_6.19;
T_6.13 ;
    %ix/load 1, 12, 0;
    %mov 4, 0, 1;
    %jmp/1 T_6.84, 4;
    %load/x1p 8, v0x7c5e350_0, 4;
    %jmp T_6.85;
T_6.84 ;
    %mov 8, 2, 4;
T_6.85 ;
; Save base=8 wid=4 in lookaside.
    %ix/load 0, 4, 0;
    %assign/v0 v0x7ba1b90_0, 0, 8;
    %ix/load 0, 4, 0;
    %assign/v0 v0x7c5e200_0, 0, 0;
    %ix/load 1, 4, 0;
    %mov 4, 0, 1;
    %jmp/1 T_6.86, 4;
    %load/x1p 8, v0x7c5e350_0, 4;
    %jmp T_6.87;
T_6.86 ;
    %mov 8, 2, 4;
T_6.87 ;
; Save base=8 wid=4 in lookaside.
    %ix/load 0, 4, 0;
    %assign/v0 v0x7c5e8a0_0, 0, 8;
    %load/v 8, v0x7c5e350_0, 4; Only need 4 of 16 bits
; Save base=8 wid=4 in lookaside.
    %ix/load 0, 4, 0;
    %assign/v0 v0x7c5e800_0, 0, 8;
    %ix/load 0, 8, 0;
    %assign/v0 v0x7c5e3f0_0, 0, 0;
    %load/v 8, v0x7c5e990_0, 1;
    %ix/load 0, 1, 0;
    %assign/v0 v0x7c5e4d0_0, 0, 8;
    %ix/load 0, 1, 0;
    %assign/v0 v0x7c5e570_0, 0, 0;
    %ix/load 0, 1, 0;
    %assign/v0 v0x7c5e660_0, 0, 1;
    %ix/load 0, 1, 0;
    %assign/v0 v0x7c5e700_0, 0, 0;
    %ix/load 0, 24, 0;
    %assign/v0 v0x7c5e160_0, 0, 0;
    %ix/load 0, 1, 0;
    %assign/v0 v0x7c5e2a0_0, 0, 0;
    %jmp T_6.19;
T_6.14 ;
    %ix/load 1, 12, 0;
    %mov 4, 0, 1;
    %jmp/1 T_6.88, 4;
    %load/x1p 8, v0x7c5e350_0, 4;
    %jmp T_6.89;
T_6.88 ;
    %mov 8, 2, 4;
T_6.89 ;
; Save base=8 wid=4 in lookaside.
    %ix/load 0, 4, 0;
    %assign/v0 v0x7ba1b90_0, 0, 8;
    %ix/load 1, 8, 0;
    %mov 4, 0, 1;
    %jmp/1 T_6.90, 4;
    %load/x1p 8, v0x7c5e350_0, 4;
    %jmp T_6.91;
T_6.90 ;
    %mov 8, 2, 4;
T_6.91 ;
; Save base=8 wid=4 in lookaside.
    %ix/load 0, 4, 0;
    %assign/v0 v0x7c5e200_0, 0, 8;
    %ix/load 1, 4, 0;
    %mov 4, 0, 1;
    %jmp/1 T_6.92, 4;
    %load/x1p 8, v0x7c5e350_0, 4;
    %jmp T_6.93;
T_6.92 ;
    %mov 8, 2, 4;
T_6.93 ;
; Save base=8 wid=4 in lookaside.
    %ix/load 0, 4, 0;
    %assign/v0 v0x7c5e8a0_0, 0, 8;
    %ix/load 0, 4, 0;
    %assign/v0 v0x7c5e800_0, 0, 0;
    %ix/load 0, 8, 0;
    %assign/v0 v0x7c5e3f0_0, 0, 0;
    %ix/load 0, 1, 0;
    %assign/v0 v0x7c5e4d0_0, 0, 0;
    %ix/load 0, 1, 0;
    %assign/v0 v0x7c5e570_0, 0, 1;
    %ix/load 0, 1, 0;
    %assign/v0 v0x7c5e660_0, 0, 0;
    %ix/load 0, 1, 0;
    %assign/v0 v0x7c5e700_0, 0, 0;
    %load/v 8, v0x7c5e350_0, 4; Select 4 out of 16 bits
    %mov 12, 0, 20;
    %ix/load 0, 24, 0;
    %assign/v0 v0x7c5e160_0, 0, 8;
    %ix/load 0, 1, 0;
    %assign/v0 v0x7c5e2a0_0, 0, 0;
    %jmp T_6.19;
T_6.15 ;
    %ix/load 0, 4, 0;
    %assign/v0 v0x7ba1b90_0, 0, 0;
    %ix/load 0, 4, 0;
    %assign/v0 v0x7c5e200_0, 0, 0;
    %ix/load 0, 4, 0;
    %assign/v0 v0x7c5e8a0_0, 0, 0;
    %ix/load 0, 4, 0;
    %assign/v0 v0x7c5e800_0, 0, 0;
    %load/v 8, v0x7c5e350_0, 8; Only need 8 of 16 bits
; Save base=8 wid=8 in lookaside.
    %ix/load 0, 8, 0;
    %assign/v0 v0x7c5e3f0_0, 0, 8;
    %ix/load 0, 1, 0;
    %assign/v0 v0x7c5e4d0_0, 0, 1;
    %ix/load 0, 1, 0;
    %assign/v0 v0x7c5e570_0, 0, 0;
    %ix/load 0, 1, 0;
    %assign/v0 v0x7c5e660_0, 0, 0;
    %ix/load 0, 1, 0;
    %assign/v0 v0x7c5e700_0, 0, 0;
    %ix/load 0, 24, 0;
    %assign/v0 v0x7c5e160_0, 0, 0;
    %ix/load 0, 1, 0;
    %assign/v0 v0x7c5e2a0_0, 0, 0;
    %jmp T_6.19;
T_6.16 ;
    %ix/load 0, 4, 0;
    %assign/v0 v0x7ba1b90_0, 0, 0;
    %ix/load 0, 4, 0;
    %assign/v0 v0x7c5e200_0, 0, 0;
    %ix/load 0, 4, 0;
    %assign/v0 v0x7c5e8a0_0, 0, 0;
    %ix/load 0, 4, 0;
    %assign/v0 v0x7c5e800_0, 0, 0;
    %load/v 8, v0x7c5e350_0, 8; Only need 8 of 16 bits
; Save base=8 wid=8 in lookaside.
    %ix/load 0, 8, 0;
    %assign/v0 v0x7c5e3f0_0, 0, 8;
    %load/v 8, v0x7c5e990_0, 1;
    %ix/load 0, 1, 0;
    %assign/v0 v0x7c5e4d0_0, 0, 8;
    %ix/load 0, 1, 0;
    %assign/v0 v0x7c5e570_0, 0, 0;
    %ix/load 0, 1, 0;
    %assign/v0 v0x7c5e660_0, 0, 0;
    %ix/load 0, 1, 0;
    %assign/v0 v0x7c5e700_0, 0, 0;
    %ix/load 0, 24, 0;
    %assign/v0 v0x7c5e160_0, 0, 0;
    %ix/load 0, 1, 0;
    %assign/v0 v0x7c5e2a0_0, 0, 0;
    %jmp T_6.19;
T_6.17 ;
    %ix/load 1, 12, 0;
    %mov 4, 0, 1;
    %jmp/1 T_6.94, 4;
    %load/x1p 8, v0x7c5e350_0, 4;
    %jmp T_6.95;
T_6.94 ;
    %mov 8, 2, 4;
T_6.95 ;
; Save base=8 wid=4 in lookaside.
    %ix/load 0, 4, 0;
    %assign/v0 v0x7ba1b90_0, 0, 8;
    %ix/load 0, 4, 0;
    %assign/v0 v0x7c5e200_0, 0, 0;
    %ix/load 1, 8, 0;
    %mov 4, 0, 1;
    %jmp/1 T_6.96, 4;
    %load/x1p 8, v0x7c5e350_0, 4;
    %jmp T_6.97;
T_6.96 ;
    %mov 8, 2, 4;
T_6.97 ;
; Save base=8 wid=4 in lookaside.
    %ix/load 0, 4, 0;
    %assign/v0 v0x7c5e8a0_0, 0, 8;
    %ix/load 1, 4, 0;
    %mov 4, 0, 1;
    %jmp/1 T_6.98, 4;
    %load/x1p 8, v0x7c5e350_0, 4;
    %jmp T_6.99;
T_6.98 ;
    %mov 8, 2, 4;
T_6.99 ;
; Save base=8 wid=4 in lookaside.
    %ix/load 0, 4, 0;
    %assign/v0 v0x7c5e800_0, 0, 8;
    %ix/load 0, 8, 0;
    %assign/v0 v0x7c5e3f0_0, 0, 0;
    %ix/load 0, 1, 0;
    %assign/v0 v0x7c5e4d0_0, 0, 0;
    %ix/load 0, 1, 0;
    %assign/v0 v0x7c5e570_0, 0, 0;
    %ix/load 0, 1, 0;
    %assign/v0 v0x7c5e660_0, 0, 1;
    %ix/load 0, 1, 0;
    %assign/v0 v0x7c5e700_0, 0, 0;
    %ix/load 0, 24, 0;
    %assign/v0 v0x7c5e160_0, 0, 0;
    %ix/load 0, 1, 0;
    %assign/v0 v0x7c5e2a0_0, 0, 1;
    %jmp T_6.19;
T_6.19 ;
    %jmp T_6;
    .thread T_6, $push;
    .scope S_0x7c05200;
T_7 ;
    %delay 50, 0;
    %load/v 8, v0x7c690d0_0, 1;
    %inv 8, 1;
    %set/v v0x7c690d0_0, 8, 1;
    %jmp T_7;
    .thread T_7;
    .scope S_0x7c05200;
T_8 ;
    %vpi_call 2 11 "$dumpfile", "top_test.vcd";
    %vpi_call 2 12 "$dumpvars", 1'sb0, S_0x7c08950;
    %vpi_call 2 13 "$dumplimit", 38'sb01011101001000011101101110100000000000;
    %vpi_call 2 14 "$monitor", $stime, "clk:%b rst:%b", v0x7c690d0_0, v0x7c69150_0;
    %set/v v0x7c69150_0, 0, 1;
    %set/v v0x7c690d0_0, 0, 1;
    %delay 150, 0;
    %set/v v0x7c69150_0, 1, 1;
    %delay 100000000, 0;
    %vpi_call 2 20 "$finish";
    %end;
    .thread T_8;
# The file index is used to find the file name in the following table.
:file_names 16;
    "N/A";
    "<interactive>";
    "test.v";
    "top.v";
    "sel.v";
    "register.v";
    "alu.v";
    "./def.h";
    "./order_digit_title.h";
    "memory.v";
    "pc.v";
    "imem.v";
    "./register.h";
    "./rotation.h";
    "zf.v";
    "decoder.v";
